20230411	14:52:15	8cbceda8-aa36-4820-ad4f-b35ad61ae9c2	GET	/api/users	http://localhost:3000
20230411	14:52:43	37a3e6a5-ba17-4104-9915-2828d0ea01f4	GET	/api/users	http://localhost:3000
20230411	14:53:44	4554e567-3084-4ba4-9058-609550b7b966	GET	/api/users	http://localhost:3000
20230412	12:25:50	aa8c4e57-d4fb-4099-9a3b-8be94f3b98de	GET	/api/users	http://localhost:3000
20230412	12:25:53	7b282ff7-75b2-496c-bc77-f3bb778d5314	GET	/api/users	http://localhost:3000
20230412	12:26:05	02f84c7c-a6f4-4637-a9b3-07593fde05bc	GET	/api/users	http://localhost:3000
20230412	12:27:05	9ac85db7-19b8-4b63-826e-6d9466f89bc3	GET	/api/users	http://localhost:3000
20230412	12:28:05	2e537197-a76c-440e-ad51-d088b40ac83a	GET	/api/users	http://localhost:3000
20230412	12:29:05	d8cc30a6-969c-4f0f-bc9d-6e466b169d1b	GET	/api/users	http://localhost:3000
20230412	12:29:07	e12a4b2d-ac67-40b3-a79e-1b1b2c5e2eeb	GET	/api/users	http://localhost:3000
20230412	12:29:31	73f851e8-8bec-4f0f-b933-751513611809	GET	/api/users	http://localhost:3000
20230412	12:29:46	4b9e846e-f284-49d0-a632-26d4f46edd7f	GET	/api/users	http://localhost:3000
20230412	12:30:08	30efe0ca-f414-43c7-8d83-2c98b486c482	GET	/api/users	http://localhost:3000
20230412	12:30:39	fd21f702-84ac-49e7-90e8-5e6852fc073a	GET	/api/users	http://localhost:3000
20230412	12:31:27	1b2f1b29-dc7e-4453-92b7-287fc2fc4ae5	GET	/api/users	http://localhost:3000
20230412	12:32:02	5def7beb-e085-4366-853f-9621f886997e	GET	/api/users	http://localhost:3000
20230412	12:32:08	890e43d1-ad41-4a0f-b65c-8b57301870b1	OPTIONS	/api/users/login	http://localhost:3000
20230412	12:32:08	562d60af-7320-45e8-ad38-74235ff4a9fc	POST	/api/users/login	http://localhost:3000
20230412	12:32:09	a3ab6bd1-fe1d-4c7c-8ffa-422d941654c4	GET	/api/users	http://localhost:3000
20230412	12:32:09	177a03da-2acf-4e01-a66a-c68a1e76171a	GET	/api/users	http://localhost:3000
20230412	12:32:39	a128211d-ec40-4ec4-8fa8-dbecdf741462	GET	/api/users	http://localhost:3000
20230412	12:32:39	2cd21e9a-5f08-479c-b3e5-7b05d4d6daea	GET	/api/users	http://localhost:3000
20230412	12:33:39	1c1af815-f329-4cbb-b869-36adadfceb37	GET	/api/users	http://localhost:3000
20230412	12:34:39	c98327ea-be22-4095-8058-191bb02bf314	GET	/api/users	http://localhost:3000
20230412	12:34:47	ccd11eaf-27a7-433d-a79b-3c15073eeb7c	GET	/api/users	http://localhost:3000
20230412	12:35:05	ddfd60bf-924c-4b2d-a4a7-b0622fd509cd	GET	/api/users	http://localhost:3000
20230412	12:35:55	481ad538-e2bb-4483-9c39-123bd5a20d76	GET	/api/users	http://localhost:3000
20230412	12:36:22	1d2544c8-740e-4f13-abc2-fcacf46f7a9d	GET	/api/users	http://localhost:3000
20230412	12:37:22	b075fa1d-6923-4021-ad6e-6842ff6b8f21	GET	/api/users	http://localhost:3000
20230412	12:37:39	40609c1b-7a42-4b02-9a49-0ab2bbbf912b	GET	/api/users	http://localhost:3000
20230412	12:37:59	c80406fd-67bd-414e-9074-1df0c0a336dc	GET	/api/users	http://localhost:3000
20230412	12:38:59	f7f13f5c-103e-4cc6-bc1c-02fe60b2cada	GET	/api/users	http://localhost:3000
20230412	12:39:59	8097c698-59d0-4e60-8fed-7a5df37e3c3b	GET	/api/users	http://localhost:3000
20230412	12:40:00	d8f81272-2dda-4daa-a630-9f641f28037f	GET	/api/users	http://localhost:3000
20230412	12:41:00	90a51937-891d-4996-81e6-6c836a55b49d	GET	/api/users	http://localhost:3000
20230412	12:41:24	3b9e9ace-5fb4-4341-947b-8ee972a69714	GET	/api/users	http://localhost:3000
20230412	12:41:25	eaf4538d-e45b-4ee4-b443-fd47b919ed2f	GET	/api/users	http://localhost:3000
20230412	12:41:48	ce30d6ef-9828-4690-a900-cfdf44d093f9	GET	/api/users	http://localhost:3000
20230412	12:42:34	5bf19b99-6b47-4cb1-b665-b2ecda1c29d0	GET	/api/users	http://localhost:3000
20230412	12:42:50	72f1cc76-b5a3-46cc-91c7-b266abbd2d29	GET	/api/users	http://localhost:3000
20230412	12:43:33	bc1c86dd-20bd-4687-a326-6917c2fa4f9a	GET	/api/users	http://localhost:3000
20230412	12:43:41	e1ffa03d-f9b3-4477-ba76-9ebe70a94ac8	GET	/api/users	http://localhost:3000
20230412	12:44:41	90583536-4cde-46b9-860c-40c406de45af	GET	/api/users	http://localhost:3000
20230412	12:45:41	b87ec7e7-aa12-4cc7-ab7f-0e7bff5cc4e0	GET	/api/users	http://localhost:3000
20230412	12:46:41	3587c085-b254-4cf9-afd5-1efbf12ff268	GET	/api/users	http://localhost:3000
20230412	12:47:35	40de8912-0cbc-4491-8cee-19ec88297cdb	GET	/api/users	http://localhost:3000
20230412	18:37:42	1b1a78dd-8105-4286-bc75-3403bb463ab0	GET	/api/users	http://localhost:3000
20230412	18:38:42	9b94f795-55a0-46e4-a62c-5ea52a34333f	GET	/api/users	http://localhost:3000
20230412	18:39:39	cc54c0e9-06d9-42ff-afb0-614854356a25	GET	/api/users	http://localhost:3000
20230412	18:40:03	173e1da7-009d-495f-b065-a7f4ba7dc4dc	GET	/api/users	http://localhost:3000
20230412	18:40:07	6dfa39c7-6e19-4090-b191-760ea4a2e54e	GET	/api/users	http://localhost:3000
20230412	18:40:07	517156a3-2d8b-40cd-81db-53ac3bf7b2b0	GET	/api/users	http://localhost:3000
20230412	18:41:08	825da437-0957-4f75-a5f3-2d16949f53cf	GET	/api/users	http://localhost:3000
20230412	18:42:08	38c8201f-c400-4d47-839e-b1b33ecc0a61	GET	/api/users	http://localhost:3000
20230412	18:43:08	0be81167-decb-4761-a3c7-c83f46ce8903	GET	/api/users	http://localhost:3000
20230412	18:43:31	ea152827-56e2-4a95-995e-e93e928ee03e	GET	/api/users	http://localhost:3000
20230412	18:43:36	b46d8dc8-5a85-4a49-9deb-728ac44c2851	OPTIONS	/api/users/login	http://localhost:3000
20230412	18:43:36	0ca59298-c3cd-4446-a8dc-c673072e5900	POST	/api/users/login	http://localhost:3000
20230412	18:43:36	a1cb4936-a3ff-4b45-bb04-5837fe4c5a85	GET	/api/users	http://localhost:3000
20230412	18:43:36	424e28b6-1e3b-4daf-b29d-7494546d8ecc	GET	/api/files	http://localhost:3000
20230412	18:43:37	0805d1c7-0df6-4fe9-a719-c7abe8b624bc	GET	/api/users	http://localhost:3000
20230412	18:43:37	5c581f81-9cdc-4199-82aa-33b74386860e	GET	/api/files	http://localhost:3000
20230412	18:44:35	e5972d03-4bae-4248-96e5-7644940c4842	GET	/api/users	http://localhost:3000
20230412	18:44:35	1b78224c-8827-4d1b-8cac-faa869369b5c	GET	/api/files	http://localhost:3000
20230412	18:45:35	eaf098db-3569-40eb-b28f-2d86a019c372	GET	/api/users	http://localhost:3000
20230412	18:46:35	e71cf80b-6fdb-4eba-80b4-f19b28eff650	GET	/api/users	http://localhost:3000
20230412	18:46:36	5cf84bad-ee88-4f16-81f5-5f893bc60f90	GET	/api/users	http://localhost:3000
20230412	18:46:36	dc6dc137-a266-4d9c-bf82-646e91fcf9d5	GET	/api/files	http://localhost:3000
20230412	18:46:40	9272ed54-277f-4d59-84ee-97844c575b82	GET	/api/users	http://localhost:3000
20230412	18:46:40	ef643ffb-a2f9-4f5c-8e98-ce1fdf4aa560	GET	/api/files	http://localhost:3000
20230412	18:46:49	cc20bfc0-8690-4231-91aa-15bea2da701b	GET	/api/users	http://localhost:3000
20230412	18:46:49	b71c2a88-4a4c-4793-9f1a-a26085dcb20d	GET	/api/files	http://localhost:3000
20230412	18:47:24	ed3ccccb-76cd-48f3-a633-ea0ca4c48fea	GET	/api/files	undefined
20230412	18:47:49	f8cbb28f-0609-48ee-abcf-535182554a37	GET	/api/users	http://localhost:3000
20230412	18:48:56	86d88699-d491-4279-8893-83eb3b4f3434	GET	/api/users	http://localhost:3000
20230412	18:48:56	9153472b-4da2-4d04-b418-d9db358e4355	GET	/api/files	http://localhost:3000
20230412	18:50:06	1e2d137e-ae0f-4d49-a87d-0cf302e9ebc9	GET	/api/users	http://localhost:3000
20230412	18:50:06	83434b94-00c4-4f79-8439-2f7cd829c564	GET	/api/files	http://localhost:3000
20230412	18:50:15	e5bd898b-a20b-46da-b9b1-80b64dc1b222	GET	/api/users	http://localhost:3000
20230412	18:50:15	b5240924-7b78-49ed-9278-24b86ce26fad	GET	/api/files	http://localhost:3000
20230412	18:59:11	43c7e6d0-e548-4046-b6d2-8fbdba24b8e8	GET	/api/users	http://localhost:3000
20230412	18:59:11	62c06d26-df6f-4ce3-8696-ec088492148a	GET	/api/files	http://localhost:3000
20230412	18:59:19	a7ee5217-de55-4010-afbe-7537160767d2	GET	/api/users	http://localhost:3000
20230412	18:59:19	a5d7c3c6-27ed-4e9d-ab35-9225957aafd5	GET	/api/files	http://localhost:3000
20230412	18:59:36	74d75132-578e-4679-95dd-898c93194954	GET	/api/users	http://localhost:3000
20230412	18:59:36	9773e3e4-e692-4985-98a6-81cd79f77ffe	GET	/api/files	http://localhost:3000
20230412	18:59:58	ac8f6d55-abaf-4314-8d4c-287f8704583f	GET	/api/users	http://localhost:3000
20230412	18:59:58	924092c8-8040-4415-b5f7-3bc52d44e02d	GET	/api/files	http://localhost:3000
20230412	19:00:56	e2a1d5e2-639e-4632-aaff-8fcada80cf3b	GET	/api/users	http://localhost:3000
20230412	19:00:56	d6eb6456-e757-453a-8a10-443ebd27d85d	GET	/api/files	http://localhost:3000
20230412	19:01:04	0e7aa7a2-134f-45dd-ae29-c5f381620fca	GET	/api/users	http://localhost:3000
20230412	19:01:04	135072ff-d20d-48c8-92b4-e7b0ba2cc061	GET	/api/files	http://localhost:3000
20230412	19:02:35	67e8ae67-fc13-4384-94a6-f6ee3e6b1e09	GET	/api/users	http://localhost:3000
20230412	19:02:35	7c890cb1-c818-4441-8f53-251a507cbd24	GET	/api/files	http://localhost:3000
20230412	19:02:56	9369ec32-496a-4eb7-9766-69a7a8af2496	GET	/api/users	http://localhost:3000
20230412	19:02:56	4afc9e10-1572-4f3b-b0fd-f8142d0a97d2	GET	/api/files	http://localhost:3000
20230412	19:03:01	61c843e3-4763-4ad2-b834-b769ddde9cc0	GET	/api/users	http://localhost:3000
20230412	19:03:01	f742944c-b368-4b24-8a3b-55ecb51f99e4	GET	/api/files	http://localhost:3000
20230412	19:03:13	e8239c00-a6b2-42d7-831e-e6e18d6cf28f	GET	/api/users	http://localhost:3000
20230412	19:03:13	aefda0d5-4cf8-4984-a487-45b7d3af592a	GET	/api/files	http://localhost:3000
20230412	19:03:18	2a3dc702-8b3f-4374-9264-2a910c631f4f	GET	/api/users	http://localhost:3000
20230412	19:03:18	4d55644f-751a-4876-a417-043a5a8728d2	GET	/api/files	http://localhost:3000
20230412	19:03:32	68b3fb2e-6cee-460b-8708-ef7163e98aaf	GET	/api/files	http://localhost:3000
20230412	19:03:32	24687300-cb4b-42fd-a557-223450078893	GET	/api/users	http://localhost:3000
20230412	19:03:34	70dc798c-65a5-4711-902c-545ad6824fb8	GET	/api/files	http://localhost:3000
20230412	19:03:34	641a56d7-3f38-4629-a98a-2686edb09e5c	GET	/api/users	http://localhost:3000
20230412	19:04:34	eeec5ac1-2b8d-4545-a2e0-8fcf5e0e93d4	GET	/api/users	http://localhost:3000
20230412	19:05:35	0575544b-21df-41ff-b410-6d5837587d31	GET	/api/users	http://localhost:3000
20230412	19:06:24	263c48ff-d462-4857-872c-283f3220e146	GET	/api/users	http://localhost:3000
20230412	19:06:24	32b4feaf-08cf-43da-a3ac-d6b2b925d94f	GET	/api/files	http://localhost:3000
20230412	19:07:24	3bb25fa2-a050-477a-ba48-2be530e30649	GET	/api/users	http://localhost:3000
20230412	19:08:25	cc28c8a4-bc83-4b29-bfbe-d3610304efa7	GET	/api/users	http://localhost:3000
20230412	19:09:26	4e1161d0-cfc5-480c-b275-895112a5ef4b	GET	/api/users	http://localhost:3000
20230412	19:10:27	277726c4-de2b-40d4-b7f1-d499cd93e5f9	GET	/api/users	http://localhost:3000
20230412	19:11:28	165d8a9e-fa42-4173-a5f0-43503701ffbd	GET	/api/users	http://localhost:3000
20230412	19:12:29	aeba734d-9b86-4179-8501-f81d4dc86e80	GET	/api/users	http://localhost:3000
20230412	19:13:30	25cef6dc-a3ef-430e-80a2-67353d8ebbee	GET	/api/users	http://localhost:3000
20230412	19:14:31	8b46b755-ae05-41f0-8f07-bc0496b4dc0d	GET	/api/users	http://localhost:3000
20230412	19:15:32	eba9a008-5375-479c-8d71-f5072907edd5	GET	/api/users	http://localhost:3000
20230412	19:16:24	081a80e8-5d62-42f8-ae52-bb37a397cd8c	GET	/api/users	http://localhost:3000
20230412	19:16:24	81d165b5-b213-4614-973b-415c127ff087	GET	/api/files	http://localhost:3000
20230412	19:17:25	5a73da60-79ac-45f4-a73c-c14e01309208	GET	/api/users	http://localhost:3000
20230412	19:18:26	7e6bfd5d-ecee-45f0-b751-4628cb9f3abc	GET	/api/users	http://localhost:3000
20230412	19:19:27	549ce9f8-6551-4ff2-96c5-160b6d6d2dcb	GET	/api/users	http://localhost:3000
20230412	19:20:28	f64242ab-5708-4e62-a5c8-2a179f428ee3	GET	/api/users	http://localhost:3000
20230412	19:20:47	bc12bcf6-95a6-41df-aee0-28558bfbd0cc	GET	/api/users	http://localhost:3000
20230412	19:20:47	805b7dbb-7ab4-4140-816c-9168a3798273	GET	/api/files	http://localhost:3000
20230412	19:20:54	09a0e508-a112-4162-ac00-61137aaf8eb2	GET	/api/users	http://localhost:3000
20230412	19:20:54	f052bc71-3002-4ab9-beeb-ea51fff5e306	GET	/api/files	http://localhost:3000
20230412	19:20:56	04598970-ca97-4626-9f71-7829e3f1764d	POST	/upload	http://localhost:3000
20230412	19:21:11	fbc0ce92-cdd5-477c-a608-e8ea2092bfec	GET	/api/users	http://localhost:3000
20230412	19:21:11	62dafa94-3dc8-4fad-8aa4-92d501744529	GET	/api/files	http://localhost:3000
20230412	19:21:12	80a82ef2-715d-4ee2-a69c-7a5750910621	POST	/upload	http://localhost:3000
20230412	19:22:15	310b2c34-ce09-4788-b754-2cf63d4a6ad4	GET	/api/users	http://localhost:3000
20230412	19:22:15	c093dac2-5d92-44da-9621-0a80439528f2	GET	/api/files	http://localhost:3000
20230412	19:22:41	583c1a63-2f08-4a0b-af20-9dc47eec57f7	GET	/api/files	http://localhost:3000
20230412	19:22:41	3d329d56-00fa-4ed6-941a-5de383526845	GET	/api/users	http://localhost:3000
20230412	19:22:42	c40e5f6a-be2f-4995-8910-fff7960268f6	POST	/upload	http://localhost:3000
20230412	19:23:39	3216d5c0-1b09-4721-9fcb-9dd391495fbd	GET	/api/users	http://localhost:3000
20230412	19:23:39	1e85f935-3d80-40dc-af0a-430d23490693	GET	/api/files	http://localhost:3000
20230412	19:23:53	f70ed6bd-f018-4091-8065-a723c9a41355	GET	/api/users	http://localhost:3000
20230412	19:23:53	d34b91f5-699b-4f4a-a4d4-d67b9777ccbc	GET	/api/files	http://localhost:3000
20230412	19:23:57	ad757c7d-1a7b-4fbe-8f67-b2c098b6e262	POST	/upload	http://localhost:3000
20230412	19:24:44	466d8212-eeff-42be-8f4e-f6d89237d382	GET	/api/files	http://localhost:3000
20230412	19:24:44	66be9d31-83ba-401e-929c-90b25fd9d779	GET	/api/users	http://localhost:3000
20230412	19:24:47	d7702510-5680-47d9-8b10-57fa10adb8c0	GET	/api/users	http://localhost:3000
20230412	19:24:47	331d658f-9545-4e46-9807-9f0a8725cb40	GET	/api/files	http://localhost:3000
20230412	19:25:03	5339a643-2093-45ed-ab80-dac9941fcf8a	GET	/api/users	http://localhost:3000
20230412	19:25:03	e2681cab-d85a-448d-9264-4ed530925d80	GET	/api/files	http://localhost:3000
20230412	19:25:05	474c430d-74ee-453e-bae9-64e8f5af9c51	POST	/upload	http://localhost:3000
20230412	19:25:12	50c050ff-0db5-4307-87c8-ebac87ba8a72	GET	/api/users	http://localhost:3000
20230412	19:25:12	75690316-3295-49ef-bc2c-adb9a7a5c3e0	GET	/api/files	http://localhost:3000
20230412	19:26:04	1cf1fdf2-02b9-4c59-b17b-629ddca20a02	GET	/api/files	http://localhost:3000
20230412	19:26:04	3a813807-4dbf-48eb-ab80-1b80ba58f9de	GET	/api/users	http://localhost:3000
20230412	19:26:05	8ba5a364-e31d-4bdc-afe7-5c13abe2c472	GET	/api/users	http://localhost:3000
20230412	19:26:05	a562e5a3-6570-47eb-912b-b841b5fffa6f	GET	/api/files	http://localhost:3000
20230412	19:26:10	2e614a55-6530-471d-aa31-aaeeec750bca	GET	/api/users	http://localhost:3000
20230412	19:26:10	536e2928-88bd-46af-bba7-55450c9b0722	GET	/api/files	http://localhost:3000
20230412	19:26:21	12249d62-af6a-4948-8be5-98f5018c97a0	GET	/api/users	http://localhost:3000
20230412	19:26:21	ad6a8f2b-d734-4822-b13a-f8a2836a0411	GET	/api/files	http://localhost:3000
20230412	19:27:22	55b1bf2f-1ab8-430f-ab82-94fe54be7a37	GET	/api/users	http://localhost:3000
20230412	19:28:12	cb3c0f80-fd60-4229-b976-71baa3ac0b38	GET	/api/users	http://localhost:3000
20230412	19:28:12	6b3c545e-c8d6-4a64-9ab8-18a286a202bd	GET	/api/files	http://localhost:3000
20230412	19:29:13	b3768706-aad7-4a15-816e-034ba30d89a9	GET	/api/users	http://localhost:3000
20230412	19:30:14	13a06c8c-0c3a-47a4-88b2-7aed0b8cc6fc	GET	/api/users	http://localhost:3000
20230412	19:30:23	be027918-f3ca-4e93-8385-29ad036ba49c	GET	/api/files	http://localhost:3000
20230412	19:30:23	ce10b3db-449c-4fec-a3fe-5437f3080376	GET	/api/users	http://localhost:3000
20230412	19:32:16	e6dae560-0db6-4ba3-8d2b-5eea5c7725fa	GET	/api/users	http://localhost:3000
20230412	19:32:16	e8dc97fb-a509-4a10-a072-c856bd651857	GET	/api/files	http://localhost:3000
20230412	19:33:04	f5a9b45b-8ea7-4618-be40-f7e916c9e41d	GET	/api/files	http://localhost:3000
20230412	19:33:04	8568ed38-2a67-4b9f-bcef-bd357456881f	GET	/api/users	http://localhost:3000
20230412	19:33:51	b93447a3-a0f0-4d46-82cc-e4a22c8c6150	GET	/api/files	http://localhost:3000
20230412	19:33:51	cb354d87-010d-4ab3-934a-15f16a90d02c	GET	/api/users	http://localhost:3000
20230412	19:33:55	bd98d6c1-9dbf-474a-9cb9-347b6f62c1fd	GET	/api/users	http://localhost:3000
20230412	19:33:55	550d7385-d520-4821-b2c9-82cda8570c75	GET	/api/files	http://localhost:3000
20230412	19:33:56	557b188c-c787-4ee5-a424-4825b629aabd	GET	/api/users	http://localhost:3000
20230412	19:33:56	cc309333-8a6a-4ec3-bbd4-f83ac190eee4	GET	/api/files	http://localhost:3000
20230412	19:34:05	1f7a907e-7c3d-496d-9633-b12820850b14	GET	/api/users	http://localhost:3000
20230412	19:34:05	18dc4ade-4d44-4c8d-86a5-e639ae999ac5	GET	/api/files	http://localhost:3000
20230412	19:34:12	4d1589d4-cfb6-413f-b67b-5dc36ead9b30	GET	/api/users	http://localhost:3000
20230412	19:34:12	6e3bc91d-ee5f-4fcd-b3ea-87a30f848768	GET	/api/files	http://localhost:3000
20230412	19:34:18	5d4488f8-1a97-49af-bbfd-39b5583d7186	GET	/api/users	http://localhost:3000
20230412	19:34:21	ac590da4-d5fc-42b7-9d1c-4fc4167ae1b7	GET	/api/users	http://localhost:3000
20230412	19:34:21	ccfcf569-bc05-4498-a06f-6322d070de82	GET	/api/files	http://localhost:3000
20230412	19:34:47	bf04b7b3-f5f2-4d6f-bcba-dcc556febffc	GET	/api/users	http://localhost:3000
20230412	19:34:47	18dc8137-a444-4254-aa1e-7d7b255dfdea	GET	/api/files	http://localhost:3000
20230412	19:34:51	55bebb87-b77c-4679-9c85-00ba4c70f7f8	GET	/api/users	http://localhost:3000
20230412	19:34:51	b1304d92-5dbd-4fed-947b-278fd98c98a0	GET	/api/files	http://localhost:3000
20230412	19:34:51	86caa0d1-8ac4-4713-98d3-32e775e902a9	GET	/api/users	http://localhost:3000
20230412	19:34:51	40f0d523-7602-4c19-9243-24593b07e4c9	GET	/api/files	http://localhost:3000
20230412	19:35:02	c5998bab-f815-4c82-a830-637c4ad707b6	GET	/api/users	http://localhost:3000
20230412	19:35:02	2e71ca6f-76b6-4855-927c-d55eb89d20bd	GET	/api/files	http://localhost:3000
20230412	19:35:03	fe77cfcc-0ae2-4c20-b52c-830dedc56c6a	GET	/api/users	http://localhost:3000
20230412	19:35:03	79bc2d52-816c-436b-b727-caa55ba36826	GET	/api/files	http://localhost:3000
20230412	19:35:04	8564d9ba-7520-4419-886a-346c4c1dfe74	GET	/api/users	http://localhost:3000
20230412	19:35:04	0f82ebf1-7035-43a8-a8ff-76748d8e31fc	GET	/api/files	http://localhost:3000
20230412	19:35:11	e34abace-06ee-475a-a6a2-737238e3e021	GET	/api/users	http://localhost:3000
20230412	19:35:11	b528852c-e0f7-47f3-aced-769303440eab	GET	/api/files	http://localhost:3000
20230412	19:35:15	ccd2e197-5f53-493c-8ce8-a6239c028ee2	GET	/api/users	http://localhost:3000
20230412	19:35:15	58f6ed93-b805-4713-b2fc-537bd7cd0ca6	GET	/api/files	http://localhost:3000
20230412	19:35:36	159b0a46-dcf3-4337-a6a0-ac1b8aa5c9a7	GET	/api/users	http://localhost:3000
20230412	19:35:36	040fba03-bd1c-4f1a-a7d4-b119c84729d8	GET	/api/files	http://localhost:3000
20230412	19:36:11	020fd309-cf4c-459a-93be-bfdc615a9be2	GET	/api/users	http://localhost:3000
20230412	19:36:11	37cf44ab-d447-4c5a-b625-e62c53f91423	GET	/api/files	http://localhost:3000
20230412	19:36:35	fc1eb6c0-7383-4f12-ae40-21d980581c00	GET	/api/users	http://localhost:3000
20230412	19:36:35	18a0d1bc-ef91-42f0-b98f-0978dbd4b580	GET	/api/files	http://localhost:3000
20230412	19:36:37	58c828f4-c2ee-4ad5-a298-25b9e7821408	GET	/api/users	http://localhost:3000
20230412	19:36:37	31b5119a-f262-4dca-b4d0-b814c1abd1ba	GET	/api/files	http://localhost:3000
20230412	19:37:38	b934c892-9ecd-4f40-a3f7-9e77cc6cf045	GET	/api/users	http://localhost:3000
20230412	19:38:38	eb56ff4e-52b9-4f54-bb78-1cda23877c70	GET	/api/users	http://localhost:3000
20230412	19:38:38	1eff93bb-15a0-4433-bcfd-0e84f833bf87	GET	/api/files	http://localhost:3000
20230412	19:38:43	d83798ce-f64d-4c2d-8e1c-883814fb5ebc	GET	/api/users	http://localhost:3000
20230412	19:38:48	41bb5ee4-e0d0-4c85-bb3e-c468f260406b	GET	/api/files	http://localhost:3000
20230412	19:38:48	4597c8db-a3d2-462a-b20f-ba4a0a39b8d7	GET	/api/users	http://localhost:3000
20230412	19:38:49	453f73f5-2383-42c2-95d5-9bb961c884ca	GET	/api/users	http://localhost:3000
20230412	19:38:49	7658a13f-69ef-4e05-8a05-1af5d9327b76	GET	/api/files	http://localhost:3000
20230412	19:38:53	d7c2bdc6-926a-4129-999a-ed965a12f6d8	GET	/api/users	http://localhost:3000
20230412	19:38:53	3615e35d-bae9-4f3b-96ef-1ec0287ed210	GET	/api/files	http://localhost:3000
20230412	19:39:22	b8a8b2e3-98cd-4812-9e95-3485b847816d	GET	/api/users	http://localhost:3000
20230412	19:39:22	56105214-fb64-48b6-a4f3-7d35199d60f2	GET	/api/files	http://localhost:3000
20230412	19:39:25	8b4eb0cf-75c0-4605-8c03-d68eb9b8d0d6	GET	/api/users	http://localhost:3000
20230412	19:39:25	c18a71ec-f4c3-4f49-9e39-c90f3bf00226	GET	/api/files	http://localhost:3000
20230412	19:39:35	41e468f1-30c2-4ed4-b2d6-5c16e07f72f4	GET	/api/users	http://localhost:3000
20230412	19:39:35	dec33906-1dbc-42b4-af23-85b3c8745265	GET	/api/files	http://localhost:3000
20230412	19:40:36	42ea6008-a60a-48eb-9920-0cfb2492ab23	GET	/api/users	http://localhost:3000
20230412	19:41:24	637e3b42-7d57-4401-8fd9-6bd0f211a672	GET	/api/users	http://localhost:3000
20230412	19:41:24	a8c72502-763d-472d-ab4c-8f263e17506d	GET	/api/files	http://localhost:3000
20230412	19:42:25	1412fa3b-dcf0-4155-ae1f-4f299b812ce4	GET	/api/users	http://localhost:3000
20230412	19:43:26	86e12e78-2429-48ba-8f77-8c8addf008ed	GET	/api/users	http://localhost:3000
20230412	19:44:27	cf13a16f-38f1-4ec4-a469-7ff605f2c395	GET	/api/users	http://localhost:3000
20230412	19:44:35	38361766-5a8c-4fd9-b37b-8d6df96c3544	GET	/api/users	http://localhost:3000
20230412	19:44:35	d4519122-11c5-425b-bac6-3294062b74c6	GET	/api/files	http://localhost:3000
20230412	19:45:36	9ccd5377-6796-44d1-b481-07cd8bd4fc4e	GET	/api/users	http://localhost:3000
20230412	19:46:37	14e8e0b6-ae5b-4b52-a612-2b2fb5016965	GET	/api/users	http://localhost:3000
20230412	19:47:23	70370a94-ae9a-44a4-ad8d-e6811b564a29	GET	/api/users	http://localhost:3000
20230412	19:47:23	ee259f4c-2723-4ef1-a759-82f3ce11f59d	GET	/api/files	http://localhost:3000
20230412	19:47:26	f6790f19-10f3-41a1-9434-962dacb64e09	GET	/api/users	http://localhost:3000
20230412	19:47:26	5e1bb108-7d5c-45a0-bb0d-7edc3a72cf75	GET	/api/files	http://localhost:3000
20230412	19:47:30	9289770a-2885-4f6f-b901-77968708f01e	GET	/api/users	http://localhost:3000
20230412	19:47:30	1ac20e9d-b11f-46ec-88da-2a85cfb6cc0e	GET	/api/files	http://localhost:3000
20230412	19:47:32	7430fcd4-2e98-40df-a9be-f962312b5617	GET	/api/users	http://localhost:3000
20230412	19:47:32	3973d549-1088-413e-9c5f-26d24449aa20	GET	/api/files	http://localhost:3000
20230412	19:47:38	4d3e009e-f4e1-4ab4-97d6-823cbad825b7	GET	/api/users	http://localhost:3000
20230412	19:47:38	4690e230-8867-40e4-84af-557f8e629d8a	GET	/api/files	http://localhost:3000
20230412	19:48:39	aa330867-2666-440d-88d5-f3d394737349	GET	/api/users	http://localhost:3000
20230412	19:48:45	c7cec54f-7c11-4491-908a-ed20c0c3de8e	GET	/api/users	http://localhost:3000
20230412	19:48:45	f5f2af5d-47aa-429f-8e24-0fea3e4fa984	GET	/api/files	http://localhost:3000
20230412	19:48:53	ebae152c-b143-4ebb-87fa-e6e1e43c1777	GET	/api/users	http://localhost:3000
20230412	19:48:53	07a2b9bf-e768-461f-87a7-abd04337ebdd	GET	/api/files	http://localhost:3000
20230412	19:48:57	36fa609a-55c8-4180-a5ed-dc804286e6c4	GET	/api/users	http://localhost:3000
20230412	19:48:57	ed4a01f3-977b-4974-8d27-b90a8e0db974	GET	/api/files	http://localhost:3000
20230412	19:48:59	7082765c-ee1b-4d97-ace0-9eafeaa387f8	GET	/api/users	http://localhost:3000
20230412	19:48:59	2854e393-c8fd-4ecf-b1ce-8ba05a137aad	GET	/api/files	http://localhost:3000
20230412	19:49:23	efc47fd4-8386-4951-a279-1de14ea2198b	GET	/api/users	http://localhost:3000
20230412	19:49:23	274905f8-eff7-43dd-ad4f-45479c8e60d7	GET	/api/files	http://localhost:3000
20230412	19:49:34	06caeada-f345-43ce-acc9-bd0b46606e8a	GET	/api/users	http://localhost:3000
20230412	19:49:34	d372d0c0-5b44-41c9-b6a3-5360fafdd5e6	GET	/api/files	http://localhost:3000
20230412	19:49:35	298728b4-8615-483a-b2c4-34b8799f9092	GET	/api/users	http://localhost:3000
20230412	19:49:35	4ad99147-1b25-468e-b90b-dbdb82971d13	GET	/api/files	http://localhost:3000
20230412	19:50:35	323e9161-d1e9-475e-b312-0de5cfbfb027	GET	/api/users	http://localhost:3000
20230412	19:50:58	c74276ca-5fb9-4014-afad-c3a9e904eb44	GET	/api/users	http://localhost:3000
20230412	19:50:58	de5e3489-01a0-45b9-92fe-e6aae7f4bdc2	GET	/api/files	http://localhost:3000
20230412	19:51:03	b3598673-7909-4e59-965b-4925d8b661b0	GET	/api/users	http://localhost:3000
20230412	19:51:03	d8451ab6-4c62-47e1-b56a-8a732213f712	GET	/api/files	http://localhost:3000
20230412	19:51:05	220c836f-134f-4cae-a70a-d363188d94de	POST	/upload	http://localhost:3000
20230412	19:51:50	67351d12-b455-4d88-9364-e64c9481cdf6	GET	/api/users	http://localhost:3000
20230412	19:51:50	2166b0b9-f493-430b-b7ae-57b79d8d0077	GET	/api/files	http://localhost:3000
20230412	19:51:53	6e9d5d36-fcaa-4f9d-82f0-4d24f7ba2e3d	POST	/upload	http://localhost:3000
20230412	19:52:30	a835d532-9986-42f6-980a-7fc29edb75c9	GET	/api/users	http://localhost:3000
20230412	19:52:30	cc8dd850-7651-4d6f-b569-70573708f027	GET	/api/files	http://localhost:3000
20230412	19:52:34	88e3aaee-de31-4d5a-902c-f0ecb5e2c286	GET	/api/users	http://localhost:3000
20230412	19:52:34	623dd7f1-9030-42d8-99ee-07ebd855c8d0	GET	/api/files	http://localhost:3000
20230412	19:52:48	befec5c4-83fd-43ec-803a-6d2b1bb36d48	GET	/api/files	http://localhost:3000
20230412	19:52:48	514163ba-7bc6-48cc-b243-6dee922ccc32	GET	/api/users	http://localhost:3000
20230412	19:52:50	018211c4-6a87-4696-a666-6ec7a0bea10c	GET	/api/users	http://localhost:3000
20230412	19:52:50	ef65ab85-8501-461b-82f8-689f00da2ac7	GET	/api/files	http://localhost:3000
20230412	19:53:44	049b263e-814d-498b-b541-c9ee0b06d059	GET	/api/users	http://localhost:3000
20230412	19:53:44	ab2a9a0f-3c43-45f4-8e25-ba6cdda584aa	GET	/api/files	http://localhost:3000
20230412	19:53:48	4d9bbab9-241c-4386-8d34-10fc05b2cf23	GET	/api/users	http://localhost:3000
20230412	19:53:48	64d2e349-59d9-4ba6-9b81-66e041157a2a	GET	/api/files	http://localhost:3000
20230412	19:53:50	5ab07f1f-33c7-4708-b6b2-84fec44b28f9	POST	/upload	http://localhost:3000
20230412	19:54:00	db7bc12f-93d9-436e-baf4-e7d5c45680e6	GET	/api/users	http://localhost:3000
20230412	19:54:00	80cbcb57-5613-4867-88d4-6ba7ca08dfe4	GET	/api/files	http://localhost:3000
20230412	19:54:01	4ae8a9dd-3c18-4da4-ba75-dd5ae211f802	GET	/api/users	http://localhost:3000
20230412	19:54:01	ec1b380a-d5c7-460d-9ae5-e0714e371356	GET	/api/files	http://localhost:3000
20230412	19:54:38	6b6f8f94-3d34-4173-8868-7a32601c5b72	GET	/api/users	http://localhost:3000
20230412	19:54:38	3fc2d8f6-dc5a-4792-a45e-41dbff1246fe	GET	/api/files	http://localhost:3000
20230412	19:54:42	1895071a-fa87-4a42-929e-0577d263ee55	GET	/api/users	http://localhost:3000
20230412	19:54:42	3ed1619c-7d8f-4321-896b-c8407d95d4c6	GET	/api/files	http://localhost:3000
20230412	19:54:45	596881fe-5f0b-4ee2-81aa-edbf85de345d	GET	/api/users	http://localhost:3000
20230412	19:54:45	d363b0f4-4c94-46b2-a3dd-d55763fb0b8c	GET	/api/files	http://localhost:3000
20230412	19:54:52	2f0940e0-559c-4767-8154-9b41230dd43e	GET	/api/files	http://localhost:3000
20230412	19:54:52	e5fd5f49-8445-45d2-b6ae-6131ffa574fe	GET	/api/users	http://localhost:3000
20230412	19:55:25	98801c02-b8ae-4edb-93ba-f08e5af4cc2a	GET	/api/users	http://localhost:3000
20230412	19:55:25	2974f58e-b3a4-4371-83b5-b5422b6c6485	GET	/api/files	http://localhost:3000
20230412	19:55:39	25a7eed8-3065-4823-a7d7-d4d4e1e5088d	GET	/api/users	http://localhost:3000
20230412	19:55:39	a8f67b60-47f0-43fa-8351-4dd00bbe909f	GET	/api/files	http://localhost:3000
20230412	19:55:42	a971c25a-f490-4262-a7d8-a966524643b3	POST	/upload	http://localhost:3000
20230412	19:56:13	6c5c818e-6258-494f-8e43-8dfef3e48cf6	GET	/api/users	http://localhost:3000
20230412	19:56:13	924ba050-155a-488b-8021-f832abd1d408	GET	/api/files	http://localhost:3000
20230412	19:56:15	21a428b7-0e33-45dd-87ac-a221b1806c25	GET	/api/users	http://localhost:3000
20230412	19:56:15	5d82513d-1175-4dd5-b23d-790dbc76bf28	GET	/api/files	http://localhost:3000
20230412	19:56:32	22874f65-4947-479c-b1b1-61ee5726937b	GET	/api/users	http://localhost:3000
20230412	19:56:32	f800091c-7186-4faa-97d3-765383d3c715	GET	/api/files	http://localhost:3000
20230412	19:56:40	10c3181e-6fa9-4ab3-a233-4e30ead1f1a3	GET	/api/files	http://localhost:3000
20230412	19:56:40	8c252f5c-ab32-4e7d-af2f-900a0f790063	GET	/api/users	http://localhost:3000
20230412	19:56:41	06ed48fc-b718-4328-8085-9a60bd91e6c9	GET	/api/users	http://localhost:3000
20230412	19:56:41	9141beb1-dec8-443e-b58e-80a5f4469f96	GET	/api/files	http://localhost:3000
20230412	19:56:50	4362508a-2859-40e2-91f9-b373c2dc77f5	GET	/api/users	http://localhost:3000
20230412	19:56:50	6eff3c23-4830-44f3-9dc6-d8270fc87647	GET	/api/files	http://localhost:3000
20230412	19:57:51	fe5e32b4-34dc-4378-9b4d-c4a19a17c68b	GET	/api/users	http://localhost:3000
20230412	19:58:52	e80e07c3-b407-4da5-9685-74557aacbe68	GET	/api/users	http://localhost:3000
20230412	19:59:25	767b2c11-8d70-4af4-82be-f55b904a21bb	GET	/api/users	http://localhost:3000
20230412	19:59:25	af5646dd-e070-4088-9e89-43bc6bd5015d	GET	/api/files	http://localhost:3000
20230412	20:00:24	89f95464-4baf-45ea-8a45-df603755b6d2	GET	/api/users	http://localhost:3000
20230412	20:00:24	c40734a9-ac79-4d24-a44a-2cdef6d0b6cc	GET	/api/files	http://localhost:3000
20230412	20:00:44	a073c1aa-abd7-4016-9968-500d40ef563e	GET	/api/users	http://localhost:3000
20230412	20:00:44	a032a1e4-9f8a-4538-9555-f71120d5d2f7	GET	/api/files	http://localhost:3000
20230412	20:01:04	17d461c2-c821-4e61-afbb-5514ffffe625	GET	/api/users	http://localhost:3000
20230412	20:01:04	e396284f-ea28-4a14-bd51-eee73724e778	GET	/api/files	http://localhost:3000
20230412	20:01:06	d42e3754-bfaa-49fa-8f97-faa6e09b14b3	GET	/api/users	http://localhost:3000
20230412	20:01:06	fa3251f8-4b4b-4049-8378-92f62a43a5a0	GET	/api/files	http://localhost:3000
20230412	20:01:25	66d6baa9-f5f7-4c82-89ef-01eafc7a20ca	GET	/api/users	http://localhost:3000
20230412	20:01:25	9067379d-21f8-411b-b349-1036f6339b60	GET	/api/files	http://localhost:3000
20230412	20:01:28	a55d17ad-75ae-4b5d-8ec0-e45cb82bc999	GET	/api/users	http://localhost:3000
20230412	20:01:28	0124fa81-abef-4394-91f5-3fbf6fe37b00	GET	/api/files	http://localhost:3000
20230412	20:01:30	85398b06-e347-4c1c-a389-f632fb57c284	GET	/api/users	http://localhost:3000
20230412	20:01:30	059a5f0d-3fa2-47a3-8fe8-bfb9c3481bbf	GET	/api/files	http://localhost:3000
20230412	20:02:30	4bd2c2b8-385e-44a5-86bc-82f0a44ed283	GET	/api/users	http://localhost:3000
20230412	20:02:30	421fc316-7d8c-48cf-9607-b7e12572fd99	GET	/api/files	http://localhost:3000
20230412	20:02:35	e74b5d8b-92be-41c7-a4d4-8b39bdee4199	GET	/api/users	http://localhost:3000
20230412	20:02:35	03048f30-5057-4957-ab4b-a68744f0fd5a	GET	/api/files	http://localhost:3000
20230412	20:02:38	b1b227f0-52e0-4a16-9632-6dcdd59f38c9	GET	/api/users	http://localhost:3000
20230412	20:02:38	507f3825-a824-4aff-a556-1ce79ee1acba	GET	/api/files	http://localhost:3000
20230412	20:02:41	d2968681-cf8f-4864-aead-1241b262bf80	GET	/api/users	http://localhost:3000
20230412	20:02:41	5e21fe99-6778-41e0-9def-e00e81b54c33	GET	/api/files	http://localhost:3000
20230412	20:02:44	fc145d7f-121d-4eba-9327-19334e5a4444	GET	/api/users	http://localhost:3000
20230412	20:02:45	95b09ee1-7898-4552-88d3-1d1fc0261dbd	GET	/api/files	http://localhost:3000
20230412	20:02:49	f0f18238-c274-4641-82f4-6d476c0f001a	GET	/api/users	http://localhost:3000
20230412	20:02:49	2cab2844-f23f-48e2-a98d-c480787f1c1e	GET	/api/files	http://localhost:3000
20230412	20:02:52	f197675e-02cf-4661-8e65-6576258973c2	GET	/api/users	http://localhost:3000
20230412	20:02:52	78710804-319f-4989-ab2c-ac56ab22a10d	GET	/api/files	http://localhost:3000
20230412	20:03:08	141261db-0ded-4eca-9c74-6fa5df763fb2	GET	/api/users	http://localhost:3000
20230412	20:03:08	04573993-df22-460a-940f-822629425713	GET	/api/files	http://localhost:3000
20230412	20:03:09	52b3e65c-9b63-47b7-90a9-cfbf3ca628ad	GET	/api/files	http://localhost:3000
20230412	20:03:09	08509d36-2dae-4c00-a746-334fcf2166ee	GET	/api/users	http://localhost:3000
20230412	20:03:14	abbb7853-4237-4e55-937e-88cb04396381	GET	/api/users	http://localhost:3000
20230412	20:03:14	2e39d1e6-ac82-4e0c-9b23-67c93356586e	GET	/api/files	http://localhost:3000
20230412	20:03:18	7b3ea71d-d2a3-4a6b-8c58-11568c826d5a	GET	/api/users	http://localhost:3000
20230412	20:04:19	75b32c76-a213-4bb1-bf9b-65635685a069	GET	/api/users	http://localhost:3000
20230412	20:05:20	b9820a1b-931f-47b8-9011-fb211cc99baf	GET	/api/users	http://localhost:3000
20230412	20:05:29	67449031-bd2e-4229-8729-45f89444223c	GET	/api/files	http://localhost:3000
20230412	20:05:29	08883649-cec0-4857-a464-d2596b839908	GET	/api/users	http://localhost:3000
20230412	20:05:32	6b8a086a-f66f-497c-b945-77fbe4169a3e	GET	/api/users	http://localhost:3000
20230412	20:05:55	d92c92a2-70fe-40f6-b76a-5fb3dea8aeee	GET	/api/users	http://localhost:3000
20230412	20:05:55	31daccbc-ce85-4f13-9cc2-1b2c14138dc5	GET	/api/files	http://localhost:3000
20230412	20:06:01	eee726e6-8a39-4d07-9d48-efd9115105b4	GET	/api/users	http://localhost:3000
20230412	20:06:01	90117f5d-73f4-40a9-ab9d-bb5d57d0952d	GET	/api/files	http://localhost:3000
20230412	20:06:03	b9254c49-76c1-4282-94e8-86fc3d5411b5	GET	/api/users	http://localhost:3000
20230412	20:06:03	6a0a781f-e18e-4b4b-8364-da8b3491909a	GET	/api/files	http://localhost:3000
20230412	20:06:15	d647db31-c6f3-43f3-ac2e-baf93d5e8764	GET	/api/users	http://localhost:3000
20230412	20:06:15	2d0272e4-01a4-4837-b6b2-0dddcbe31efd	GET	/api/files	http://localhost:3000
20230412	20:06:18	80f3d2ca-747d-4489-af2e-825385c029ef	GET	/api/users	http://localhost:3000
20230412	20:06:19	300ec8fc-43fa-40fc-9b55-b94dc87d4718	GET	/api/users	http://localhost:3000
20230412	20:06:19	0c59d422-26fb-4163-9780-14823499bcb6	GET	/api/files	http://localhost:3000
20230412	20:06:21	8ffe32d3-3db8-49a1-ad19-a8698a3ce42f	GET	/api/users	http://localhost:3000
20230412	20:06:22	84f06a66-dac8-46bf-819f-3ebcd7b38153	GET	/api/users	http://localhost:3000
20230412	20:06:22	d36c9533-b0b5-4f39-a774-8c92b7677f99	GET	/api/files	http://localhost:3000
20230412	20:06:35	d268a979-677d-4656-89ab-dc5c2301a323	GET	/api/users	http://localhost:3000
20230412	20:06:35	f53b5416-f28a-4cc0-af1b-b43cfb46297a	GET	/api/files	http://localhost:3000
20230412	20:06:39	f6f6fead-ecd0-4ddb-910b-7ad40bd13f20	GET	/api/users	http://localhost:3000
20230412	20:06:39	617c3dd0-67e3-4b76-a713-8a5270fd6c53	GET	/api/files	http://localhost:3000
20230412	20:06:55	ed734884-df6a-452d-ba7d-7420b1ebbe15	GET	/api/files	http://localhost:3000
20230412	20:06:55	02954463-ad54-44ad-8f33-958d267e43a4	GET	/api/users	http://localhost:3000
20230412	20:07:15	1f764d63-42f0-429b-b562-11b86c2e8ed8	GET	/api/users	http://localhost:3000
20230412	20:07:15	7102a2ef-544f-4efe-b39f-7c7310edcecc	GET	/api/files	http://localhost:3000
20230412	20:07:19	329695dc-1bf2-4cb3-9ae0-e371694d3090	GET	/api/users	http://localhost:3000
20230412	20:07:53	9ce26ffa-7914-425f-ad9a-154f590b6f8d	GET	/api/users	http://localhost:3000
20230412	20:07:53	9d6e733e-9477-4fc8-82e8-1ed0c2d1ae89	GET	/api/files	http://localhost:3000
20230412	20:07:55	fff4514c-b29b-46b7-b736-7f9d9c6bc1b7	GET	/api/users	http://localhost:3000
20230412	20:07:55	5facb083-eb52-44dc-b16c-0277f1aa2e13	GET	/api/files	http://localhost:3000
20230412	20:07:59	fa3dcaef-358c-46fd-bfa2-336b1fe57618	GET	/api/users	http://localhost:3000
20230412	20:07:59	30a10cae-57fa-49bc-b43d-c43825408d8b	GET	/api/files	http://localhost:3000
20230412	20:08:04	e73d2d9d-b5c9-4083-b599-93e84880db89	GET	/api/users	http://localhost:3000
20230412	20:08:04	24017b37-93f0-41d0-949a-169c006d0256	GET	/api/files	http://localhost:3000
20230412	20:08:04	ba7cbdcb-a4bf-4a7c-af86-410f5dfb133c	GET	/api/users	http://localhost:3000
20230412	20:08:06	375e326d-4636-4e4c-8d24-b76a48ec0592	OPTIONS	/api/users/login	http://localhost:3000
20230412	20:08:06	e2632872-8c89-465a-adb4-81209cba83b9	POST	/api/users/login	http://localhost:3000
20230412	20:08:11	4f69d105-719a-40ba-8125-9b3d9825743b	POST	/api/users/login	http://localhost:3000
20230412	20:08:11	b97f8f5b-ad19-40de-9d20-28dfb203b95c	GET	/api/files	http://localhost:3000
20230412	20:08:11	cb0b3179-e369-4839-8c2a-4d3f5e5c7aed	GET	/api/users	http://localhost:3000
20230412	20:08:13	c8bff7ae-616e-415d-9b20-11e934cc85ce	GET	/api/users	http://localhost:3000
20230412	20:08:13	fb442caf-a427-4b09-8c28-9d4f28ccfa37	GET	/api/files	http://localhost:3000
20230412	20:08:26	8f04051c-b693-4b4c-bde6-60813a96d060	GET	/api/users	http://localhost:3000
20230412	20:08:26	874b38bc-0036-45b4-be67-40c52bdcf2fe	GET	/api/files	http://localhost:3000
20230412	20:08:45	3ebec170-26c8-4f2a-a673-44678ee3e27f	GET	/api/users	http://localhost:3000
20230412	20:08:45	dc9c12df-211e-490d-bf43-432c6651309d	GET	/api/files	http://localhost:3000
20230412	20:08:45	9c8153d4-28a9-4964-8d1e-f96bceac4c6a	GET	/api/users	http://localhost:3000
20230412	20:08:45	4f267c69-c9b8-42f3-ace2-c26a0afc29fc	GET	/api/files	http://localhost:3000
20230412	20:09:19	fc6fb54d-f45f-4235-9022-6109273738bf	GET	/api/users	http://localhost:3000
20230412	20:09:19	931bc4ec-90d7-4839-84fe-3273475b78c7	GET	/api/files	http://localhost:3000
20230412	20:09:25	382aada9-545e-4209-8890-8e3aa8b3c2ef	GET	/api/users	http://localhost:3000
20230412	20:09:25	c1a7c564-16b2-4563-80cb-1b35bffdbc71	GET	/api/files	http://localhost:3000
20230412	20:09:31	6e993a6d-9610-4d33-b1d9-748ece3195d4	POST	/upload	http://localhost:3000
20230412	20:09:46	7277debc-065c-4dcb-bb3a-e50967db34ed	GET	/api/users	http://localhost:3000
20230412	20:09:46	7d2ad4d2-1dbb-45f5-88cb-7851132677cc	GET	/api/users	http://localhost:3000
20230412	20:09:46	cc9e5926-4bce-4fa4-bbb3-b0b21b0faf36	GET	/api/files	http://localhost:3000
20230412	20:10:11	51a0add1-3376-4d98-bbdf-96c7cee021f7	GET	/api/users	http://localhost:3000
20230412	20:10:11	40480826-1bab-40a0-9b8e-79ba1c79032b	GET	/api/files	http://localhost:3000
20230412	20:10:12	4c755d52-5cd6-498e-8335-206cd1f99bb2	GET	/api/users	http://localhost:3000
20230412	20:10:12	70ccf5c7-cb23-42f0-b54a-5946587ca8b9	GET	/api/files	http://localhost:3000
20230412	20:10:17	2c02cfcb-ee75-4dad-aaba-2f50fdc3eb31	GET	/api/users	http://localhost:3000
20230412	20:10:17	88890488-0ede-416e-97ac-992ad8d88d20	GET	/api/files	http://localhost:3000
20230412	20:10:18	12027109-7586-4583-ace1-06c591348ad8	GET	/api/files	http://localhost:3000
20230412	20:10:18	2dc7e622-5ae7-4fbe-9c37-21ba3f3f10f0	GET	/api/users	http://localhost:3000
20230412	20:10:28	fec71a91-596e-426b-9811-e99a9221590e	GET	/api/users	http://localhost:3000
20230412	20:10:28	445c5f8c-d018-402f-9ad7-650e493e46d0	GET	/api/files	http://localhost:3000
20230412	20:10:29	29dd3d0d-c3bd-4dce-a72a-db6e5cef52d6	GET	/api/files	http://localhost:3000
20230412	20:10:29	b2dcbeb1-1679-4d3c-a00a-a7ce4fff5f1e	GET	/api/users	http://localhost:3000
20230412	20:10:30	890f211f-8e97-40dc-8c56-215c997bcf57	GET	/api/users	http://localhost:3000
20230412	20:10:30	08b1fc3b-5f72-4cee-ae0b-3bd8bf884722	GET	/api/files	http://localhost:3000
20230412	20:10:48	77c929a0-282e-419a-a914-4a938a3441f9	GET	/api/users	http://localhost:3000
20230412	20:10:48	099f2339-c347-4c7e-82c9-58dbe5edf6bd	GET	/api/files	http://localhost:3000
20230412	20:11:08	7222b62e-34ce-4f82-b763-67076f658626	GET	/api/files	http://localhost:3000
20230412	20:11:08	e22c5fe9-5386-41bf-8195-db999ff387f3	GET	/api/users	http://localhost:3000
20230412	20:11:09	94ac5f59-e159-49a8-a2de-ffbd7f263c9d	GET	/api/files	http://localhost:3000
20230412	20:11:09	0af46c65-136a-450d-81ec-0c9446e7f9f2	GET	/api/users	http://localhost:3000
20230412	20:11:09	8d6d199b-e29a-43fc-a9f5-e851839d9d1d	GET	/api/files	http://localhost:3000
20230412	20:11:09	c6dad4bb-03e9-4b41-94e0-3a14e2c72859	GET	/api/users	http://localhost:3000
20230412	20:11:10	8808f327-e3ab-4c6c-b4e2-7f54ba647310	GET	/api/users	http://localhost:3000
20230412	20:11:10	10b8b248-4f4e-459a-8883-bcafc82c9928	GET	/api/files	http://localhost:3000
20230412	20:11:23	a8e71662-23bc-45bd-8d0e-8611037f5534	GET	/api/files	http://localhost:3000
20230412	20:11:23	4a0afcee-ba68-4b39-849f-c9ba02cc3a79	GET	/api/users	http://localhost:3000
20230412	20:11:44	1eaafd68-1c97-47b7-9143-a2c11c372313	GET	/api/users	http://localhost:3000
20230412	20:11:44	ed1ebcaa-de16-4857-b6ee-4cb6dcc98ccd	GET	/api/files	http://localhost:3000
20230412	20:11:44	4501f2da-d431-4b85-8fe9-31196b9f2c62	GET	/api/users	http://localhost:3000
20230412	20:11:44	dc2f3c4a-4a28-44bb-b1c2-69ac59b9e6a3	GET	/api/files	http://localhost:3000
20230412	20:11:46	2021926c-713b-4231-97ed-21ad1cab1fd8	GET	/api/users	http://localhost:3000
20230412	20:11:46	9d7b37d3-4ce1-41e8-880e-7146d68bd879	GET	/api/files	http://localhost:3000
20230412	20:11:48	6c50bea8-8ac7-42e4-9ee8-4b3af5884137	GET	/api/users	http://localhost:3000
20230412	20:11:48	4fbc27da-4971-4994-9288-ba89e3ea1a61	GET	/api/files	http://localhost:3000
20230412	20:11:53	9a29a515-eed5-46b9-8b75-c3b58b11d807	GET	/api/users	http://localhost:3000
20230412	20:11:53	8bc93969-32dc-4101-834c-d466272fb3bb	GET	/api/files	http://localhost:3000
20230412	20:11:53	57e7c7ce-1fb7-4d6c-9fd2-84039d93bf5b	GET	/api/users	http://localhost:3000
20230412	20:11:53	8a54684e-23a0-4c9e-83db-20b5826a1a92	GET	/api/files	http://localhost:3000
20230412	20:12:01	02f15c05-2d97-4763-a191-5450eebd9d3d	GET	/api/users	http://localhost:3000
20230412	20:12:01	fa70a783-7768-4730-b563-ed5afb438630	GET	/api/files	http://localhost:3000
20230412	20:12:02	bcad29d6-4a50-45f1-bb04-b06ebda59750	GET	/api/users	http://localhost:3000
20230412	20:12:02	53057726-9426-49d4-8dbc-05e22a885a10	GET	/api/files	http://localhost:3000
20230412	20:12:02	af27be2d-d61b-4511-a884-a6dc6e880e55	GET	/api/users	http://localhost:3000
20230412	20:12:02	76c5cf40-9e0c-42cc-b368-3c74afb61f00	GET	/api/files	http://localhost:3000
20230412	20:12:16	1f6244b4-b21b-44da-8e0b-3b5a4f6f502e	GET	/api/users	http://localhost:3000
20230412	20:12:16	53c70efa-8b6b-4360-b062-802b0b2624bb	GET	/api/files	http://localhost:3000
20230412	20:12:17	06e78259-5274-4919-acd9-1192409e59a3	GET	/api/users	http://localhost:3000
20230412	20:12:17	e7c88c2b-0074-49e6-923e-9456934079e7	GET	/api/files	http://localhost:3000
20230412	20:12:40	6da5da40-b823-4b17-ba7a-e678f9a4faa9	GET	/api/files	http://localhost:3000
20230412	20:12:40	4f5a5d4f-ac96-40b3-a351-d0d6f019601a	GET	/api/users	http://localhost:3000
20230412	20:12:48	51abb0c7-f5c7-4b8d-ad53-7d1b0c8d01bd	GET	/api/users	http://localhost:3000
20230412	20:12:53	17f190c5-0781-440b-abb0-fd6550a0d82d	GET	/api/users	http://localhost:3000
20230412	20:12:53	22832621-cf07-4b38-8d97-aaafc29ec5e2	GET	/api/files	http://localhost:3000
20230412	20:13:05	84346879-4980-404f-8c49-fb5ec9a855b5	GET	/api/users	http://localhost:3000
20230412	20:13:05	623aa21e-ae8f-4384-a145-f0e81be7187c	GET	/api/files	http://localhost:3000
20230412	20:13:06	ecb8c149-66a9-4462-9219-c70b132c22f1	GET	/api/users	http://localhost:3000
20230412	20:13:06	d8594e2e-5cbc-4bfb-8a1c-18527435ff67	GET	/api/files	http://localhost:3000
20230412	20:13:07	c81d629e-5b51-4d3a-8dc2-beceb20e94b4	GET	/api/users	http://localhost:3000
20230412	20:13:07	c817f1c6-bc59-46ea-9d39-d98f6291c756	GET	/api/files	http://localhost:3000
20230412	20:13:07	00c1621c-a100-4cda-8122-130d76276a72	GET	/api/files	http://localhost:3000
20230412	20:13:07	a9e04fe8-11ee-44ba-9d48-d4e4493be982	GET	/api/users	http://localhost:3000
20230412	20:13:33	f442c820-6f74-4779-a039-c48fdf497570	GET	/api/files	http://localhost:3000
20230412	20:13:33	9c103e8f-14f0-451a-8db8-eccab86f6139	GET	/api/users	http://localhost:3000
20230412	20:13:37	6764729c-f530-40e9-a98d-6f6d8c1c90d4	GET	/api/users	http://localhost:3000
20230412	20:13:37	381797ce-68f9-4eb2-94a2-1f254014cc88	GET	/api/files	http://localhost:3000
20230412	20:14:07	49493d46-3c6f-4699-978a-fd3a2e2f74df	GET	/api/users	http://localhost:3000
20230412	20:14:34	6c264ca3-c2d1-415a-a4c0-577f84b7f06b	GET	/api/users	http://localhost:3000
20230412	20:14:34	5e1d96f3-cd79-4b3c-b148-9bea6f71f15e	GET	/api/files	http://localhost:3000
20230412	20:14:34	a0c1c6dd-1c98-4b1f-932b-34714f998587	GET	/api/users	http://localhost:3000
20230412	20:14:34	1aba4ef6-0c40-4ace-9685-c124aadaa953	GET	/api/files	http://localhost:3000
20230412	20:15:06	2c02fd98-38db-4446-a9d9-27526e9f7f25	GET	/api/users	http://localhost:3000
20230412	20:15:06	f00fa493-dcbf-4681-aaaa-703d31dc9709	GET	/api/files	http://localhost:3000
20230412	20:15:17	dff5e6a9-cc66-456e-b590-41e22d3d4650	GET	/api/users	http://localhost:3000
20230412	20:15:17	41b63cbc-d8a0-496e-bcde-b0a3ceee6af1	GET	/api/files	http://localhost:3000
20230412	20:15:35	f263b296-6609-4cc3-af7f-1402602e455b	GET	/api/users	http://localhost:3000
20230412	20:15:40	7d8ac963-b366-48f9-9430-476b35d0c523	GET	/api/users	http://localhost:3000
20230412	20:15:40	ce229f32-ba26-4ceb-a755-ac63a5996f97	GET	/api/files	http://localhost:3000
20230412	20:15:53	f1cc9d06-3c8c-4fd1-aff7-a0d505773aae	GET	/api/users	http://localhost:3000
20230412	20:15:53	6b191db6-fcaf-482f-9724-2f6f7505f86a	GET	/api/files	http://localhost:3000
20230412	20:15:54	15c6446b-8632-4d60-bb36-b49a0a19e2a9	GET	/api/users	http://localhost:3000
20230412	20:15:54	3fffcf19-87fc-4b38-8fc1-8d34da9cfa69	GET	/api/users	http://localhost:3000
20230412	20:15:54	40119a6f-99cf-46ef-b3f2-c29230110f48	GET	/api/files	http://localhost:3000
20230412	20:16:02	6f7eb4d9-d8a9-4c3a-aaf5-ea1da6117d6f	GET	/api/users	http://localhost:3000
20230412	20:16:02	826e5930-86f7-430d-9bf9-f8b0be6f4b6e	GET	/api/files	http://localhost:3000
20230412	20:16:25	5507e523-1905-41ee-b6f4-f73cfd6f1c6d	GET	/api/users	http://localhost:3000
20230412	20:16:25	afdd7cf5-d60f-460b-8ba2-4b3efea16a3e	GET	/api/files	http://localhost:3000
20230412	20:16:29	a451079b-4ac6-4aac-b6c9-bec5f8239575	GET	/api/users	http://localhost:3000
20230412	20:16:29	0fb29d93-42ff-45e3-9ff2-80b3001365e5	GET	/api/files	http://localhost:3000
20230412	20:16:40	01cae47e-bf25-4bc2-bc08-907df1b9685e	GET	/api/users	http://localhost:3000
20230412	20:16:40	cfcc946d-8e9b-40db-ac9b-530178175561	GET	/api/files	http://localhost:3000
20230412	20:16:44	224dd13f-7454-4b16-b852-69f5bab02cdb	GET	/api/users	http://localhost:3000
20230412	20:16:44	b7110c83-097a-4166-9233-787cfab56b32	GET	/api/files	http://localhost:3000
20230412	20:16:55	33c4a989-2757-4ebc-9390-a1d56ed3f00f	GET	/api/users	http://localhost:3000
20230412	20:16:57	9814188f-5bfe-4e3c-b402-060ea1deae7c	GET	/api/users	http://localhost:3000
20230412	20:16:57	70a013bf-2cbb-437b-9a93-089dfbe84664	GET	/api/files	http://localhost:3000
20230412	20:17:14	2c81d695-4cb9-4060-abc4-3e5d475f98b6	GET	/api/users	http://localhost:3000
20230412	20:17:14	96695809-e06a-4926-87a0-8d0663e68479	GET	/api/files	http://localhost:3000
20230412	20:17:15	113465ff-9378-4a5f-b0c9-f297763f2177	GET	/api/users	http://localhost:3000
20230412	20:17:15	fdfef9a1-142b-4801-8350-c029ea75598a	GET	/api/files	http://localhost:3000
20230412	20:17:15	bbcaa531-3d13-4e37-b3e5-42d8c2b4b943	GET	/api/users	http://localhost:3000
20230412	20:17:18	5b6f251e-f03d-47f7-8ae0-baaa944c2f30	GET	/api/users	http://localhost:3000
20230412	20:17:18	15da516d-b3c0-4047-abf9-7c3c6b386602	GET	/api/files	http://localhost:3000
20230412	20:17:20	ae771791-6483-4c23-b356-a44f13591dec	GET	/api/users	http://localhost:3000
20230412	20:17:20	e7c04f67-d5b4-493e-9142-246492fba826	GET	/api/files	http://localhost:3000
20230412	20:18:16	be9a2947-3044-48c7-b1f7-854c8b5662d9	GET	/api/users	http://localhost:3000
20230412	20:18:20	ba0d094b-45a8-46b9-a702-32c9eca0fdb7	GET	/api/users	http://localhost:3000
20230412	20:19:17	48847a4f-975f-45f6-8d5c-22e561d19b4d	GET	/api/users	http://localhost:3000
20230412	20:19:20	48965d56-0f37-430d-923b-c973cc591cd7	GET	/api/users	http://localhost:3000
20230412	20:20:18	3f06c41e-a607-423c-8e63-350126a9d3c5	GET	/api/users	http://localhost:3000
20230412	20:20:21	ccbe3a19-a424-4bca-8b9f-1f449c0ae807	GET	/api/users	http://localhost:3000
20230412	20:21:19	335b9a28-2993-4889-ac95-ece86901de0e	GET	/api/users	http://localhost:3000
20230412	20:21:21	ad7f3ee5-9034-4a26-8ce2-27abfdf8bde0	GET	/api/users	http://localhost:3000
20230412	20:22:20	44c92d46-109b-4c10-b5f2-cc92650036ca	GET	/api/users	http://localhost:3000
20230412	20:22:21	cad819f4-92e3-4087-bf2f-771cd5c8c3ad	GET	/api/users	http://localhost:3000
20230412	20:23:21	58bc98e8-2015-4a2b-9eea-caf35b4e5f2d	GET	/api/users	http://localhost:3000
20230412	20:23:21	af429124-057d-4909-9234-552b7ff3e8d2	GET	/api/users	http://localhost:3000
20230412	20:24:21	d4d31b0b-ad91-43aa-b877-6889525bc3eb	GET	/api/users	http://localhost:3000
20230412	20:24:22	e014de45-6f08-4f6a-b6eb-2903727a1270	GET	/api/users	http://localhost:3000
20230412	20:24:44	b3357b33-068e-43f7-b376-ae5288149b36	GET	/api/users	http://localhost:3000
20230412	20:24:44	834ba307-0e3e-476f-b6c4-bd6d7a526d9b	GET	/api/files	http://localhost:3000
20230412	20:24:50	c7deb22e-9211-46be-8a60-e2b38bd0ccbf	GET	/api/users	http://localhost:3000
20230412	20:24:50	9b564611-5665-4e39-b7f0-663a1edc62ed	GET	/api/files	http://localhost:3000
20230412	20:24:54	c37c93b6-7e4b-42cd-9e4a-9eb81b058007	GET	/api/users	http://localhost:3000
20230412	20:24:54	4db62c0f-76ea-42e8-aa59-f76007ae3ad7	GET	/api/files	http://localhost:3000
20230412	20:24:57	ec191241-2d04-4c4f-920e-41bc38ac91fe	GET	/api/users	http://localhost:3000
20230412	20:24:57	c6bce3d7-6048-47e8-bb5a-43a2b7c68066	GET	/api/files	http://localhost:3000
20230412	20:25:23	5c8a1a35-d76b-4fea-8642-98dba3d0209a	GET	/api/users	http://localhost:3000
20230412	20:25:28	3b7beeb7-b6b6-462f-b3da-85fcd3301cc7	GET	/api/files	http://localhost:3000
20230412	20:25:28	3ed7b932-613d-43a5-970a-2f86d00570b1	GET	/api/users	http://localhost:3000
20230412	20:25:33	b22fdb84-06e2-4679-992e-b17328193e14	GET	/api/users	http://localhost:3000
20230412	20:25:33	7c3d6a0c-deae-4053-ab3d-e720d78f1dd7	GET	/api/files	http://localhost:3000
20230412	20:25:49	8e22e656-c5c1-427b-a4e4-4b3a30f2af10	GET	/api/files	http://localhost:3000
20230412	20:25:49	94667626-d132-466e-8bcb-4c6861b95517	GET	/api/users	http://localhost:3000
20230412	20:26:10	8d3b22ba-a7fb-4081-aec7-985aa532422f	GET	/api/users	http://localhost:3000
20230412	20:26:10	d95895e1-ae9c-4548-80e2-5e829477e818	GET	/api/files	http://localhost:3000
20230412	20:26:14	fdc271b0-ca49-4837-b269-c003f63675d5	GET	/api/users	http://localhost:3000
20230412	20:26:14	b82db2fe-f43b-4338-8f95-a3a6ca17509d	GET	/api/files	http://localhost:3000
20230412	20:26:15	84126815-d23b-4aa1-93ea-d890c2bf5a96	GET	/api/users	http://localhost:3000
20230412	20:26:21	0a35315d-a4ec-434b-af6a-b69a1d7a8526	OPTIONS	/api/users/login	http://localhost:3000
20230412	20:26:21	88f22be6-bad0-42a4-9661-8572812e414d	POST	/api/users/login	http://localhost:3000
20230412	20:26:22	4cdbc210-5f10-4dc7-81af-ca69424f26d5	GET	/api/files	http://localhost:3000
20230412	20:26:22	4dce393f-ffd4-4ddc-a003-8636f1e76e4b	GET	/api/users	http://localhost:3000
20230412	20:26:23	2957db0c-1858-4ede-b1f9-b44ba4db5b16	GET	/api/files	http://localhost:3000
20230412	20:26:23	0af1c1c1-5438-408d-bc3b-3eb1715e50dc	GET	/api/users	http://localhost:3000
20230412	20:26:24	d1e6c8c5-17da-4dbb-8c53-228e1c749e75	GET	/api/users	http://localhost:3000
20230412	20:26:32	9a7e1301-ea92-42a0-a683-3649389f003d	GET	/api/users	http://localhost:3000
20230412	20:26:32	302fad6c-3f65-4275-b69a-470d01719e66	GET	/api/files	http://localhost:3000
20230412	20:26:34	d3e92475-c6dd-445b-9d79-0d0ade093ac7	GET	/api/users	http://localhost:3000
20230412	20:26:34	28c9aeee-5363-4d04-a62f-32a24bf74d28	GET	/api/files	http://localhost:3000
20230412	20:26:52	945e7e45-5c67-4aa0-bc74-f39f382cdd4a	GET	/api/users	http://localhost:3000
20230412	20:26:52	cd404cdd-2999-4b2f-b684-9f2543b427f5	GET	/api/files	http://localhost:3000
20230412	20:26:54	de950108-3619-4004-ae4c-9b5000f18327	POST	/upload	http://localhost:3000
20230412	20:27:13	83bcc295-dde9-478f-90c9-18e2a1921c3d	GET	/api/users	http://localhost:3000
20230412	20:27:13	3a93f7bc-6911-4286-a8d9-cea3bc83c355	GET	/api/files	http://localhost:3000
20230412	20:27:17	7ee470c8-af48-43a1-91ae-6d583eedae2c	POST	/upload	http://localhost:3000
20230412	20:27:22	97c060da-d418-45d9-b90b-703455c6edd2	POST	/upload	http://localhost:3000
20230412	20:27:25	80997926-36be-4842-8e05-10d2df019cad	GET	/api/users	http://localhost:3000
20230412	20:27:28	4053bfe6-c404-46a4-9109-0d9e72c8269c	GET	/api/users	http://localhost:3000
20230412	20:27:28	0029bf0d-29b7-496b-be65-e5bff8ac4983	GET	/api/files	http://localhost:3000
20230412	20:27:44	dd3c5ec2-61f3-4064-bbe0-7dad2ca03c52	GET	/api/users	http://localhost:3000
20230412	20:27:44	15713849-e4fc-4902-bd2c-2fdc429ba4d0	GET	/api/files	http://localhost:3000
20230412	20:27:49	bcbc3d9e-1502-452c-86aa-81ba9337d077	GET	/api/users	http://localhost:3000
20230412	20:27:49	917fed8c-c8f8-4833-8b76-bb8da30e0a7a	GET	/api/files	http://localhost:3000
20230412	20:27:57	198b8b24-4c5d-4d53-bfab-930ea36f4111	GET	/api/users	http://localhost:3000
20230412	20:27:57	b9ed45b6-253f-4e51-9d89-cc71b28b45af	GET	/api/files	http://localhost:3000
20230412	20:28:19	d22c72c2-9ea0-4a34-9fd8-b35f6b3ec263	GET	/api/users	http://localhost:3000
20230412	20:28:26	ee218e0d-bd10-4122-a049-c2948f8ef7d2	GET	/api/users	http://localhost:3000
20230412	20:28:58	de967419-4915-45cb-886f-a59d7f989184	GET	/api/users	http://localhost:3000
20230412	20:29:27	a0236c2c-6b86-4209-a090-2516ff500d61	GET	/api/users	http://localhost:3000
20230412	20:29:30	4532eaaa-7297-4725-a388-ec77c2c099d3	GET	/api/users	http://localhost:3000
20230412	20:29:30	bc8610b4-4f53-4acb-bf89-2d17a6ea6472	GET	/api/files	http://localhost:3000
20230412	20:29:32	0ff867cf-e964-483c-9920-54a3aeccbbeb	GET	/api/users	http://localhost:3000
20230412	20:29:32	10a0af69-a124-4b5a-a477-02e644a7ef9e	GET	/api/files	http://localhost:3000
20230412	20:29:36	a9350ffe-1400-43fd-b3fe-fc685e540992	GET	/api/users	http://localhost:3000
20230412	20:29:59	a3720e30-3cbf-49c1-9441-d3a8005d1e24	GET	/api/users	http://localhost:3000
20230412	20:30:33	4b741bee-01c9-49b0-a2d8-4f4faf38469f	GET	/api/users	http://localhost:3000
20230412	20:30:36	0cd41e6e-3748-43cd-bbf0-9ed3a86f5e0a	GET	/api/users	http://localhost:3000
20230412	20:30:44	fff04742-9f7f-4997-91d2-b0dcdc284e71	GET	/api/users	http://localhost:3000
20230412	20:30:54	5b83a67f-0e7c-4472-81c2-b62915d0f035	GET	/api/files	http://localhost:3000
20230412	20:30:54	cd10b412-148f-4b34-8a92-04157196008d	GET	/api/users	http://localhost:3000
20230412	20:31:08	6af5b78b-1472-4897-ab41-5071a59f52d7	GET	/api/users	http://localhost:3000
20230412	20:31:09	5d4c5b9e-6a14-4817-b529-79719b5e9d6f	GET	/api/files	http://localhost:3000
20230412	20:31:09	a4a7e5b6-164a-4065-9a3e-69086ea513ee	GET	/api/users	http://localhost:3000
20230412	20:31:10	f564f4bd-4850-4bbb-8d96-c5d94c757a40	GET	/api/users	http://localhost:3000
20230412	20:31:10	ec2d99cd-d6f7-4aca-bb5f-392321f8ac06	GET	/api/files	http://localhost:3000
20230412	20:31:55	868870db-38ca-4439-9f3a-1cbbf4815463	GET	/api/users	http://localhost:3000
20230412	20:32:09	1f8aab08-12f0-4254-81f0-cec35e1a9232	GET	/api/users	http://localhost:3000
20230412	20:32:10	30e85016-a97e-4495-8b92-6f5b76a70c56	GET	/api/users	http://localhost:3000
20230412	20:32:28	663422fe-1b47-46ac-a423-82356d3d2ddf	GET	/api/users	http://localhost:3000
20230412	20:32:28	42efc82b-4311-47dd-a98f-f404fb494218	GET	/api/files	http://localhost:3000
20230412	20:32:30	fb11a1a7-0773-4c4b-82fe-ef5960e4b2ce	GET	/api/users	http://localhost:3000
20230412	20:32:30	2f5322fd-b6fa-4bd3-af86-a94299fad89f	GET	/api/files	http://localhost:3000
20230412	20:32:31	b8269d57-8e35-4488-9b38-7027837b0473	GET	/api/users	http://localhost:3000
20230412	20:32:33	d7bb6827-dc43-45b2-874a-ae0fc7e3c319	GET	/api/users	http://localhost:3000
20230412	20:32:33	8fe6bd4a-d656-406a-af49-8f16f2b97cd6	GET	/api/files	http://localhost:3000
20230412	20:32:35	820f437f-815a-4249-859f-cebd0e03af53	GET	/api/users	http://localhost:3000
20230412	20:32:35	1723ae5a-f8cd-4845-b15b-84130d4f17f5	GET	/api/files	http://localhost:3000
20230412	20:32:40	3a96ee69-fe8e-42dd-8b4c-9dfe3b4c2192	GET	/api/users	http://localhost:3000
20230412	20:32:40	a8d6892f-3192-4a06-879f-bf0c29a6241d	GET	/api/files	http://localhost:3000
20230412	20:32:41	59e650d1-8e72-4c9d-b24a-dbd10ffa4162	GET	/api/users	http://localhost:3000
20230412	20:32:41	75cce78e-9574-4280-a798-fd81086e91d7	GET	/api/files	http://localhost:3000
20230412	20:33:33	6b5ae8c0-9d82-456a-867d-85b407ec1a53	GET	/api/users	http://localhost:3000
20230412	20:33:33	7e49ed4f-7fae-4b60-af21-4dd36a2fcf74	GET	/api/files	http://localhost:3000
20230412	20:33:36	1c7b7d12-5e1a-4748-a877-9fa5993ca42d	GET	/api/users	http://localhost:3000
20230412	20:33:40	83a9d3c2-1cd5-47a7-8d00-b6127d6eeb4b	GET	/api/users	http://localhost:3000
20230412	20:33:40	a27c10e1-8154-4ec5-853a-3424143eb139	GET	/api/files	http://localhost:3000
20230412	20:33:45	6132a445-e11b-4c10-8629-156e4ded0599	GET	/api/users	http://localhost:3000
20230412	20:33:45	8712cd21-2463-402d-8f3e-3159ff62d495	GET	/api/files	http://localhost:3000
