20230313	11:04:24	e7b68d0d-51f9-40bf-a5f3-e1256a08b5dc	OPTIONS	/users	http://localhost:3000
20230313	11:04:24	5cc84fb4-e0f0-4c17-aeee-69a36e2dc280	POST	/users	http://localhost:3000
20230313	11:05:00	f1d08fd8-6e39-4f1c-87e0-771376d542f0	GET	/api	undefined
20230313	11:07:57	47afb434-7a39-4f79-a7f7-e62a8927d0a5	OPTIONS	/users	http://localhost:3000
20230313	11:07:57	60fbecfd-65de-4966-9ab8-a6736b8c0b1e	POST	/users	http://localhost:3000
20230313	11:09:41	c10d2e96-4dd1-40a9-a7be-fb6ed71e96dc	OPTIONS	/users	http://localhost:3000
20230313	11:09:41	33aaec58-6876-461e-9553-1a55a5810803	POST	/users	http://localhost:3000
20230313	11:10:32	92e8e313-4e6b-469c-b451-ed0a29413b2b	GET	/api/users	undefined
20230313	11:21:00	e2aeeddc-6aee-4949-9fe2-dbf02e3073f5	OPTIONS	/api/users	http://localhost:3000
20230313	11:21:00	b502938b-a684-4105-8eb6-6d2af153c02d	POST	/api/users	http://localhost:3000
20230313	11:27:23	da3d9aaf-5c0e-4d5e-9d81-324f63412c51	OPTIONS	/api/users	http://localhost:3000
20230313	11:27:23	c3854572-9b02-4310-8921-90b267c016e7	POST	/api/users	http://localhost:3000
20230313	11:29:01	04e19f9d-b788-445e-899c-d5e8c82fbb18	POST	/getAllUsers	undefined
20230313	11:36:23	3854c280-6cfc-47c4-8ee9-d3a683f2f365	OPTIONS	/api/users	http://localhost:3000
20230313	11:36:23	5b229583-e811-4fa2-923d-d231ea85a09b	POST	/api/users	http://localhost:3000
20230313	11:44:02	4c351cbb-3c2a-44a9-a7dd-8f7948880959	OPTIONS	/api/users	http://localhost:3000
20230313	11:44:02	b47a9c34-723d-4854-b0ab-1a41035f41b8	POST	/api/users	http://localhost:3000
20230313	11:48:23	3235291a-39b9-40c4-ad85-71f4d0b05114	POST	/api/users/login	undefined
20230313	11:49:00	e573d1d5-835c-43dc-8f43-f30a1d387f83	POST	/api/users/login	undefined
20230313	11:49:14	2ba54499-86a6-4954-8ac3-b2f61146cb28	POST	/api/users/login	undefined
20230313	11:50:45	ef292e22-9b66-487a-847b-d0c7da22c8fd	POST	/api/users/login	undefined
20230313	11:59:17	ba5255f9-3f84-437e-97c0-3d43ccd68373	OPTIONS	/api/users	http://localhost:3000
20230313	11:59:17	8396ee1e-1b86-4042-8938-e6233454bbba	POST	/api/users	http://localhost:3000
20230313	11:59:37	8781790f-2b14-4314-a023-c33d0ad80415	OPTIONS	/api/users	http://localhost:3000
20230313	11:59:37	09e7ef5c-3317-41fb-b0ab-f3cd7335d5b2	POST	/api/users	http://localhost:3000
20230313	12:00:39	ad645a91-f2cb-4c34-bf10-5dc57c7f0484	POST	/api/users/login	undefined
20230313	12:02:52	1f543d9b-0f4e-4784-a7ab-1af4fd5bbd1d	OPTIONS	/api/users	http://localhost:3000
20230313	12:02:52	29342c5a-4f31-4d60-b0b3-d2c7e9514e3c	POST	/api/users	http://localhost:3000
20230313	12:03:15	a998d8ae-ee40-4f27-976f-30e2f767d256	POST	/api/users/login	undefined
20230313	12:04:08	33cef016-b68c-49f0-ae3b-16e80ccff2ec	POST	/api/users/login	undefined
20230313	12:37:28	305a4c95-56be-442c-a599-45d5331e9c55	OPTIONS	/auth	http://localhost:3000
20230313	12:37:28	9554ad9b-43ed-403c-92f0-b703fb327a94	POST	/auth	http://localhost:3000
20230313	12:38:22	ddf1e05a-9319-414c-9e61-f6435552f70e	OPTIONS	/auth	http://localhost:3000
20230313	12:38:22	fa5975a6-48a7-4e64-a54c-951b2908eb70	POST	/auth	http://localhost:3000
20230313	12:38:37	1276a7bd-6af2-42c9-b177-90c0b184bfa1	OPTIONS	/api/users/login	http://localhost:3000
20230313	12:38:37	588ba237-c766-4fcf-b68d-52f70184afe5	POST	/api/users/login	http://localhost:3000
20230313	12:39:35	4afeb70e-fff3-469a-957c-b7f5710436fd	OPTIONS	/api/users/login	http://localhost:3000
20230313	12:39:35	7784513b-52bc-4e3b-9e6a-4ef5e636284d	POST	/api/users/login	http://localhost:3000
20230313	12:39:51	0630640f-0aa6-42fb-9431-4ebcbd41a0fc	OPTIONS	/api/users/login	http://localhost:3000
20230313	12:39:51	9f8f4ffe-5687-49a9-ac5e-2e2034edd808	POST	/api/users/login	http://localhost:3000
20230313	12:40:38	623d7949-622d-4843-9e9f-2e2bc6ce36e5	OPTIONS	/api/users/login	http://localhost:3000
20230313	12:40:38	3fcb3687-36c4-4c60-86b3-0fee064598e5	POST	/api/users/login	http://localhost:3000
20230313	12:42:52	94232d45-870e-4f83-9ed4-ee6b831e5a4a	OPTIONS	/api/users	http://localhost:3000
20230313	12:42:52	9039424a-29bb-4cbd-be22-75bb978cf45e	POST	/api/users	http://localhost:3000
20230313	12:43:04	2608883f-4f01-4e95-8255-9f20eef1219c	OPTIONS	/api/users/login	http://localhost:3000
20230313	12:43:04	5a18b0b5-99fc-405c-bbf4-f6c0fc949db7	POST	/api/users/login	http://localhost:3000
20230313	12:43:08	b4b66118-7196-4abd-a052-08b2e095903f	OPTIONS	/api/users/login	http://localhost:3000
20230313	12:43:08	bd67a966-5c6a-4aa9-a3c3-22a4317b1ff9	POST	/api/users/login	http://localhost:3000
20230313	12:43:14	c878d603-89d6-4771-9a1b-140c22e3c7d6	POST	/api/users/login	undefined
20230313	12:46:41	c5827d82-8b0b-4962-9ec3-77c9e5d292c1	OPTIONS	/api/users/login	http://localhost:3000
20230313	12:46:41	b934e55b-8deb-4377-90cd-e7a441f85aa5	POST	/api/users/login	http://localhost:3000
20230313	13:10:51	b996afbe-99d5-4c27-9c07-29ac25758cb5	OPTIONS	/api/users/login	http://localhost:3000
20230313	13:10:51	71d395e7-1909-4c02-9edb-67745d8b37d3	POST	/api/users/login	http://localhost:3000
20230313	13:16:35	b583699c-a698-42c3-be9e-509976bf12af	OPTIONS	/api/users/login	http://localhost:3000
20230313	13:16:35	167cd71e-4c31-4689-96a8-5df269222412	POST	/api/users/login	http://localhost:3000
20230313	13:16:51	ccddd88d-df7f-4c08-9fe1-d25a108d4d1a	OPTIONS	/api/users/login	http://localhost:3000
20230313	13:16:51	2c202fbb-e28d-4bb6-ba85-d823c0cc4541	POST	/api/users/login	http://localhost:3000
20230313	13:18:10	b5ece40d-99dd-4318-9fe3-019be13c623d	OPTIONS	/api/users/login	http://localhost:3000
20230313	13:18:10	2e0f4fc1-920d-4203-97f1-9467e55f947e	POST	/api/users/login	http://localhost:3000
20230313	13:20:41	74b434ba-80f8-472c-b596-1631432138ca	OPTIONS	/api/users/login	http://localhost:3000
20230313	13:20:41	cce36410-dc8f-481a-b396-614709a07b75	POST	/api/users/login	http://localhost:3000
20230313	13:20:51	720a68f2-a253-43d9-9def-ebb32623f6eb	OPTIONS	/api/users	http://localhost:3000
20230313	13:20:51	b5ba1109-03c8-49bb-b3b4-239fecdb015a	POST	/api/users	http://localhost:3000
20230313	13:21:27	541d6bcc-992c-420a-a75a-af5ac031fe3e	POST	/api/users/login	undefined
20230313	13:21:47	071455b4-7906-4b6f-88c3-a45c4f93bd82	POST	/api/users/login	undefined
20230313	13:22:04	02b5579b-01be-4a84-a839-b7eb2a2ca93a	OPTIONS	/api/users/login	http://localhost:3000
20230313	13:22:04	bdc292be-a04e-4f53-8d64-34390e1c8bdd	POST	/api/users/login	http://localhost:3000
20230313	13:23:03	023641bb-deb3-4b6e-9c17-b71eca279f9d	OPTIONS	/api/users/login	http://localhost:3000
20230313	13:23:03	61695520-9bec-4eb7-b281-291efb807f7c	POST	/api/users/login	http://localhost:3000
20230313	13:32:03	5c6ed14c-ce6a-4889-83c2-136d19cb1f7b	OPTIONS	/api/users/login	http://localhost:3000
20230313	13:32:03	2d841f1e-49d9-45f4-a666-b68e3a5b8df0	POST	/api/users/login	http://localhost:3000
20230315	11:04:55	e593effb-2bfe-4bc1-8105-f525c22d4bbb	OPTIONS	/api/users/login	http://localhost:3000
20230315	11:04:55	14435004-1b3f-496b-aec9-114bb8d88a68	POST	/api/users/login	http://localhost:3000
20230315	11:33:30	13a15559-1a68-4f47-a454-86e540d92d59	OPTIONS	/api/users/login	http://localhost:3000
20230315	11:33:30	1861e0e4-0cea-4770-888a-6ea3c7e1b318	POST	/api/users/login	http://localhost:3000
20230315	11:33:30	ddeea0bc-0dd6-4e75-b4ac-93fe55569440	OPTIONS	/api/users/login	http://localhost:3000
20230315	11:33:30	7e9960b9-0f75-4369-8927-5fa4a687bdde	POST	/api/users/login	http://localhost:3000
20230315	11:34:57	44ab56fe-5da6-451a-b017-c37dcccdd3ed	POST	/api/users/login	undefined
20230315	11:36:39	7fc961c2-0c99-4a72-af9c-1a99793b8870	OPTIONS	/api/users/login	http://localhost:3000
20230315	11:36:39	f412d1f7-4fd2-414a-90b0-26a21aa0a482	POST	/api/users/login	http://localhost:3000
20230315	11:36:39	9c2cb5fb-dba9-4619-b27c-b788edd34cef	OPTIONS	/api/users/login	http://localhost:3000
20230315	11:36:39	c023030e-3273-4314-a4c0-4aeae61e237a	POST	/api/users/login	http://localhost:3000
20230315	11:36:48	e29b0236-59e3-49b9-8e3c-d54545929084	OPTIONS	/api/users/login	http://localhost:3000
20230315	11:36:48	d44bcb8e-a3ae-44e8-b7d5-f090f6e08652	POST	/api/users/login	http://localhost:3000
20230315	11:36:48	90400466-22e0-496d-85af-f3bfddd3ba18	OPTIONS	/api/users/login	http://localhost:3000
20230315	11:36:48	5b5aee25-b6b1-48f3-95d2-efe668aed2b3	POST	/api/users/login	http://localhost:3000
20230315	11:37:12	1e3113dc-5beb-4240-945d-e1990c967ebb	OPTIONS	/api/users/login	http://localhost:3000
20230315	11:37:12	547b4a7a-3116-493f-bb15-22860e08f34d	POST	/api/users/login	http://localhost:3000
20230315	11:37:12	77033dc3-0421-4de8-aac9-f505935dc0f1	OPTIONS	/api/users/login	http://localhost:3000
20230315	11:37:12	6ef65099-5b46-4c10-87ac-6fd805a66e93	POST	/api/users/login	http://localhost:3000
20230315	11:54:53	80d981e8-034f-4fe9-ba2d-7db5629bda9d	OPTIONS	/api/users/login	http://localhost:3000
20230315	11:54:53	04449282-7584-46d3-8747-f743413283a0	POST	/api/users/login	http://localhost:3000
20230315	11:57:48	fc2a8778-e9d3-4c03-9a58-99ca215a9775	OPTIONS	/api/users/login	http://localhost:3000
20230315	11:57:48	cbb61267-222b-4163-88a7-4f55058d4634	POST	/api/users/login	http://localhost:3000
20230315	11:57:48	8479da2f-8ce7-43a2-9523-356a5e3db064	OPTIONS	/api/users/login	http://localhost:3000
20230315	11:57:48	75a11137-4327-4049-94e4-04f01fa0b344	POST	/api/users/login	http://localhost:3000
20230315	11:58:39	894d1b9e-93fa-4f8b-9c2d-832fb91e720c	OPTIONS	/api/users/login	http://localhost:3000
20230315	11:58:39	c722a29c-5771-4cd3-997d-3233d9f8a3ba	POST	/api/users/login	http://localhost:3000
20230315	12:01:17	14984f09-f9a8-4810-bf77-087a2c635def	OPTIONS	/api/users/login	http://localhost:3000
20230315	12:01:17	e97316bf-7ee6-4eb2-97f6-1a34cba2313e	POST	/api/users/login	http://localhost:3000
20230316	09:28:35	75c3dc44-60eb-48a9-a95d-60b67c21a063	OPTIONS	/api/users/login	http://localhost:3000
20230316	09:28:35	87c089bf-cc34-4336-bedb-8742350386b9	POST	/api/users/login	http://localhost:3000
20230316	09:33:50	91a0d4ef-8db3-41f8-a880-7a1bcfafe241	OPTIONS	/api/users/login	http://localhost:3000
20230316	09:33:50	96442481-ca54-451d-8edd-69ef55057bed	POST	/api/users/login	http://localhost:3000
20230316	09:40:42	0cd81640-a642-4ae5-8f8b-4806fb0b1c65	OPTIONS	/api/users	http://localhost:3000
20230316	09:40:42	a868e0a3-5f99-41c1-841b-465e8bf2cc5b	POST	/api/users	http://localhost:3000
20230316	09:40:59	18fd0122-5bfa-4d19-a4f6-356b4ddd13a4	OPTIONS	/api/users/login	http://localhost:3000
20230316	09:40:59	7795f6eb-e803-4b8e-b9f6-5d66e25a8470	POST	/api/users/login	http://localhost:3000
20230316	09:46:40	d11e192b-dde8-408a-a005-3d92478e9bbf	OPTIONS	/api/users/login	http://localhost:3000
20230316	09:46:40	355b3be2-98fc-42ad-b96a-f58c021286a2	POST	/api/users/login	http://localhost:3000
20230316	10:06:28	3ab094ff-cda5-4ba6-8058-6c98b136dc37	OPTIONS	/api/users/login	http://localhost:3000
20230316	10:06:28	3a7d6180-0a2d-48df-8bb0-12c2c80432f9	POST	/api/users/login	http://localhost:3000
20230316	10:13:05	02d1d1d6-9165-4df3-b1c3-df590ab77588	GET	/api/users	http://localhost:3000
20230316	10:13:06	4591c438-703a-4e8f-b74a-7a515658c1e7	GET	/api/users	http://localhost:3000
20230316	10:13:07	86b00d9d-e4a3-4ef5-97f0-5d3620f75c20	GET	/api/users	http://localhost:3000
20230316	10:13:07	e25fa0f2-5f60-4726-9447-a185afbaed8a	GET	/api/users	http://localhost:3000
20230316	10:13:21	23170415-e68d-4797-a327-ba3d875c94b2	OPTIONS	/api/users/login	http://localhost:3000
20230316	10:13:21	b37b3dd3-c17b-4d81-af9f-091fa1629bb5	POST	/api/users/login	http://localhost:3000
20230316	10:13:21	70ee2413-af96-45cc-8bc9-874c4834d71e	GET	/api/users	http://localhost:3000
20230316	10:14:22	324e2ee1-985a-42e0-9a75-d003cd004a46	GET	/api/users	http://localhost:3000
20230316	10:14:27	86856ea9-7434-4f7f-a0af-85069d91c6e9	GET	/api/users	http://localhost:3000
20230316	10:14:28	b7bdcfc7-3d73-40b3-8bf8-aea6969ee05f	GET	/api/users	http://localhost:3000
20230316	10:14:32	2536b8f3-acc7-4f29-ac56-b44c280f338b	GET	/api/users	http://localhost:3000
20230316	10:14:33	ce26359b-868c-41ab-ac91-99bef9bda937	GET	/api/users	http://localhost:3000
20230316	10:14:56	1c2dca0e-c978-442c-b332-80ccb2491c00	GET	/api/users	http://localhost:3000
20230316	10:15:08	32ac5c3c-a4e3-42c2-8ce0-f8db5e00f0f5	GET	/users	http://localhost:3000
20230316	10:15:46	13850106-a05f-45b9-89a8-9b6e9c6fa492	GET	/users	http://localhost:3000
20230316	10:15:47	ef6d930b-a5a5-4e86-8094-c7d53c7bc0e7	GET	/users	http://localhost:3000
20230316	10:15:49	fed9f64f-5f1f-4f7e-b11e-5aa834c4ab0b	GET	/users	http://localhost:3000
20230316	10:15:59	9ce63fce-fcbf-4c38-aa57-e1e0edb2ea2c	GET	/users	http://localhost:3000
20230316	10:16:02	87d16602-61be-4afc-bd67-d8dd3724cbda	GET	/users	http://localhost:3000
20230316	10:16:02	a60aa013-1e11-4749-a863-c250f929a7d9	GET	/api/users	http://localhost:3000
20230316	10:17:02	bca2a9c8-e2fe-4e76-a994-8da617d26a5d	GET	/api/users	http://localhost:3000
20230316	10:17:54	d6021411-dec0-4e7a-8b66-0e3b0ef80d6f	GET	/api/users	http://localhost:3000
20230316	10:18:55	af9b3c8e-55af-4f95-8718-2a67798f7a74	GET	/api/users	http://localhost:3000
20230316	10:19:56	1f53d55c-243b-41f9-befb-28c655c7306e	GET	/api/users	http://localhost:3000
20230316	10:20:57	46af2fac-d703-4572-be7f-c86791d5ff84	GET	/api/users	http://localhost:3000
20230316	10:21:58	3fe689cf-fed9-4446-a986-44db225cc276	GET	/api/users	http://localhost:3000
20230316	10:22:59	8695dd50-5372-460d-b613-bb2a4f131224	GET	/api/users	http://localhost:3000
20230316	10:24:00	0c0ef669-6250-4df6-82bf-4d732120cd6c	GET	/api/users	http://localhost:3000
20230316	10:25:01	ade4ec7f-d039-4bde-8cd6-ec2bce1fcd8b	GET	/api/users	http://localhost:3000
20230316	10:30:17	31cd9cf3-fb73-437e-88cf-580aaf6f7c9b	GET	/api/users	http://localhost:3000
20230316	10:30:18	d08fd72d-c505-43a5-ab2a-12e92139dab5	GET	/api/users	http://localhost:3000
20230316	10:30:27	89544c61-e238-4da3-8416-eb518d2587ff	DELETE	/api/users	undefined
20230316	10:30:36	bcdac9ff-e7ba-44cd-9048-bddf2b589b7f	GET	/api/users	http://localhost:3000
20230316	10:30:38	129534ec-ad4c-4203-9e7b-a23d15495eaf	GET	/api/users	http://localhost:3000
20230316	10:30:43	c2fae100-8274-49dd-851a-69a813a3a098	GET	/api/users	http://localhost:3000
20230316	10:30:44	a5da46f6-d7b4-4867-8511-f1b34211ed16	GET	/api/users	http://localhost:3000
20230316	10:30:58	fc2032e2-5f97-4257-9d99-cea836d0f439	OPTIONS	/api/users/login	http://localhost:3000
20230316	10:30:58	6724962d-4f4d-49f0-bc42-c509d2a108b5	POST	/api/users/login	http://localhost:3000
20230316	10:31:15	5ebebb8a-981c-49a0-925a-ab5cb576e79f	OPTIONS	/api/users/login	http://localhost:3000
20230316	10:31:15	7ead9342-ac63-45ea-8fae-58d08c4907f2	POST	/api/users/login	http://localhost:3000
20230316	10:31:15	b4f1fc14-28ef-44e1-8be8-231d82273309	GET	/api/users	http://localhost:3000
20230316	10:31:28	da9ab1f8-ca7c-4c2a-a0f3-82093c6824fe	DELETE	/api/users	undefined
20230316	10:31:29	cd821ad1-31fc-4652-8bb3-cd670d3b9ad9	GET	/api/users	http://localhost:3000
20230316	10:31:32	f84e67ae-eb96-4aba-81a3-178d94a50fa1	GET	/api/users	http://localhost:3000
20230316	10:31:35	669972d7-410b-4228-b1e5-23bb4d5363aa	GET	/api/users	http://localhost:3000
20230316	10:33:42	396dc11c-bcc2-4be5-8028-705520516a08	OPTIONS	/api/users	http://localhost:3000
20230316	10:33:42	a39c3645-9908-4857-a359-fdccadd73acb	POST	/api/users	http://localhost:3000
20230316	10:33:52	4b3b5b33-05a8-4f46-a600-bab418bd131a	OPTIONS	/api/users/login	http://localhost:3000
20230316	10:33:52	796ba21a-2f24-4b66-adf0-ba32bc8bb02e	POST	/api/users/login	http://localhost:3000
20230316	10:33:52	d1f70277-e14c-49a2-82a1-9730a0648ec7	GET	/api/users	http://localhost:3000
20230316	10:34:12	85aa5015-2b5b-4359-bc3c-16611d520baa	GET	/api/users	http://localhost:3000
20230316	10:34:13	0455f6d9-a18f-45c2-a31d-41251fc44c77	GET	/api/users	http://localhost:3000
20230316	10:34:26	e3ce5d7a-774e-46d5-bf42-7f58af1098fb	GET	/api/users	http://localhost:3000
20230316	10:34:32	80fc6f6b-3959-49a8-aceb-72caa293b361	GET	/api/users	http://localhost:3000
20230316	10:34:35	692b57f6-202c-4d6b-8acb-03b139d4da18	GET	/api/users	http://localhost:3000
20230316	10:34:46	a0880e14-0b1b-4ab9-8bfc-7c7a819d03f4	GET	/api/users	http://localhost:3000
20230316	10:34:52	2a3fbb51-c6f0-43ba-8923-1587d0507e8e	GET	/api/users	http://localhost:3000
20230316	10:35:08	20c10dfb-f727-4059-80e7-8596709f62e6	GET	/api/users	http://localhost:3000
20230316	10:36:08	cde5d255-6807-4821-9028-72dcb690ad6c	GET	/api/users	http://localhost:3000
20230316	10:36:13	636aef42-86d9-49f5-912a-d1ffdeb35904	GET	/api/users	http://localhost:3000
20230316	10:36:17	a8f7ef41-5d40-48f1-afec-ddfaf1a80812	GET	/api/users	http://localhost:3000
20230316	10:36:53	55f1f59f-c132-44aa-a6e2-14ec8774f1c7	GET	/api/users	http://localhost:3000
20230316	10:36:57	74dcc677-36ec-49cb-be47-fa4d438c5d74	GET	/api/users	http://localhost:3000
20230316	10:37:08	84a6f70b-bc24-420e-aeaf-522f6918b2b3	GET	/api/users	http://localhost:3000
20230316	10:38:09	e983b270-cc70-489f-9d37-003bd2734bc6	GET	/api/users	http://localhost:3000
20230316	10:39:10	e30c5d08-7c3e-40ad-a434-1eea257250eb	GET	/api/users	http://localhost:3000
20230316	10:39:53	bdd8d91a-a79d-4310-9c3f-b051efea5d2b	GET	/api/users	http://localhost:3000
20230316	10:39:54	1b21b673-0f60-4e67-b366-bbc97b876c5a	GET	/api/users	http://localhost:3000
20230316	10:39:56	fbaaf792-3ca3-4621-aa94-ad04b8464e60	GET	/api/users	http://localhost:3000
20230316	10:40:05	b24fb4c5-ab9e-4c74-bb7f-152b0585aa09	GET	/api/users	http://localhost:3000
20230316	10:40:06	fd22ca13-1865-413b-9760-f5e92b6f463d	GET	/api/users	http://localhost:3000
20230316	10:40:16	95191945-1603-4b84-be7e-efa18e5b6f96	GET	/api/users	http://localhost:3000
20230316	10:40:57	d60dc98a-1db3-4c24-a6b7-bd7d23d7bef0	GET	/api/users	http://localhost:3000
20230316	10:40:59	08c0fdc7-d7b6-456b-b7ca-71a89aca5820	GET	/api/users	http://localhost:3000
20230316	10:41:16	c359b73a-31b0-4282-98b7-e94007687a25	OPTIONS	/api/users/login	http://localhost:3000
20230316	10:41:16	760cdfd3-d86e-48da-9cf9-7d8c0ce34dcc	POST	/api/users/login	http://localhost:3000
20230316	10:41:56	552e7db3-5bf5-4261-8fe8-95091518ea38	GET	/api/users	http://localhost:3000
20230316	10:42:00	20a9bfa1-13c5-4408-a208-c236dc44939e	GET	/api/users	http://localhost:3000
20230316	10:42:00	9a1a57b1-f92e-46bc-bab8-768cd848977e	GET	/api/users	http://localhost:3000
20230316	10:42:38	2fe7e1fd-33d0-40bf-bcec-4a713049aa34	GET	/api/users	http://localhost:3000
20230316	10:42:49	8517b4c5-be24-410e-ac55-a726404fc898	GET	/api/users	http://localhost:3000
20230316	10:43:21	7a4861cc-a74e-42c3-ab54-41510b0d6b79	GET	/api/users	http://localhost:3000
20230316	10:43:26	8983130f-1ca0-461e-94d2-783c581b9d76	GET	/api/users	http://localhost:3000
20230316	10:43:31	ac8b96d9-5d00-4e9b-85f1-d4c84540d68c	GET	/api/users	http://localhost:3000
20230316	10:44:31	8cbce295-753e-4f6d-9314-c27aeb275c25	GET	/api/users	http://localhost:3000
20230316	10:45:31	fba86ec4-9a39-4081-8123-91159f6869d7	GET	/api/users	http://localhost:3000
20230316	10:45:46	4264f29d-dd50-4224-acb4-8c2e10347c52	GET	/api/users	http://localhost:3000
20230316	10:46:46	b4b2cc87-a879-4dbc-a10b-d3b4ec3102cd	GET	/api/users	http://localhost:3000
20230316	10:47:46	4fb632c2-8c45-4a06-99b7-53ad8d16e065	GET	/api/users	http://localhost:3000
20230316	10:47:49	aa10f7a7-d976-4017-8ed3-f9bd158baefd	GET	/api/users	http://localhost:3000
20230316	10:47:57	20c0f008-618c-44af-ad72-36a10397809c	GET	/api/users	http://localhost:3000
20230316	10:48:13	541cd819-7c18-48da-819d-d06589312f92	GET	/api/users	http://localhost:3000
20230316	10:48:29	11cb443b-954d-451a-b25f-ab57752d6fbf	GET	/api/users	http://localhost:3000
20230316	10:48:55	0b5b846a-be5d-4088-b9c1-79e73b21c19f	GET	/api/users	http://localhost:3000
20230316	10:49:55	eb79c4b0-30bc-4ce0-83d9-d2684b8e4d51	GET	/api/users	http://localhost:3000
20230316	10:50:06	38c162c9-133b-4a5c-a8bf-3d0b1c8f17bf	GET	/api/users	http://localhost:3000
20230316	10:50:33	1fcd3b8c-86ee-481a-95f6-2042ab3d3cdc	GET	/api/users	http://localhost:3000
20230316	10:50:35	9c5b6ac0-b062-4d21-96d7-33e730bd5f6d	GET	/api/users	http://localhost:3000
20230316	10:50:35	d6a326bf-8184-4fc4-aecd-0ad9efe65dc1	GET	/api/users	http://localhost:3000
20230316	10:51:35	2648875b-60d4-458b-9f5e-341a0e4f7b8a	GET	/api/users	http://localhost:3000
